#
# A fatal error has been detected by the Java Runtime Environment:
#
#  SIGSEGV (0xb) at pc=0x00007fff3d5713d2, pid=46139, tid=775
#
# JRE version: OpenJDK Runtime Environment (17.0+35) (build 17+35-2724)
# Java VM: OpenJDK 64-Bit Server VM (17+35-2724, mixed mode, sharing, tiered, compressed oops, compressed class ptrs, g1 gc, bsd-amd64)
# Problematic frame:
# C  [GLEngine+0x12b3d2]  gleRunVertexSubmitImmediate+0x25a2
#
# No core dump will be written. Core dumps have been disabled. To enable core dumping, try "ulimit -c unlimited" before starting Java again
#
# If you would like to submit a bug report, please visit:
#   https://bugreport.java.com/bugreport/crash.jsp
# The crash happened outside the Java Virtual Machine in native code.
# See problematic frame for where to report the bug.
#

---------------  S U M M A R Y ------------

Command Line: -Dfile.encoding=UTF-8 -Duser.country=US -Duser.language=en -Duser.variant -ea Main

Host: "MacBookAir7,2" x86_64 1800 MHz, 4 cores, 8G, Darwin 19.6.0, macOS 10.15.7 (19H1217)
Time: Mon Jan  3 14:04:21 2022 EST elapsed time: 0.600653 seconds (0d 0h 0m 0s)

---------------  T H R E A D  ---------------

Current thread (0x00007fe38a00a000):  JavaThread "main" [_thread_in_native, id=775, stack(0x00007ffeec3c2000,0x00007ffeecbc2000)]

Stack: [0x00007ffeec3c2000,0x00007ffeecbc2000],  sp=0x00007ffeecbbe230,  free space=8176k
Native frames: (J=compiled Java code, j=interpreted, Vv=VM code, C=native code)
C  [GLEngine+0x12b3d2]  gleRunVertexSubmitImmediate+0x25a2
C  [GLEngine+0xaabdd]  glDrawElements_GL3Exec+0x2b8
j  org.lwjgl.opengl.GL11C.nglDrawElements(IIIJ)V+0
j  org.lwjgl.opengl.GL11C.glDrawElements(IIIJ)V+4
j  org.lwjgl.opengl.GL11.glDrawElements(IIIJ)V+4
j  Engine.Renderer.render()V+38
j  Engine.Window.loop()V+38
j  Engine.Window.run()V+19
j  Main.main([Ljava/lang/String;)V+3
v  ~StubRoutines::call_stub
V  [libjvm.dylib+0x5041d1]  _ZN9JavaCalls11call_helperEP9JavaValueRK12methodHandleP17JavaCallArgumentsP10JavaThread+0x2a1
V  [libjvm.dylib+0x566142]  _ZL17jni_invoke_staticP7JNIEnv_P9JavaValueP8_jobject11JNICallTypeP10_jmethodIDP18JNI_ArgumentPusherP10JavaThread+0x152
V  [libjvm.dylib+0x5696ae]  jni_CallStaticVoidMethod+0x19e
C  [libjli.dylib+0x50bf]  JavaMain+0x9bf
C  [libjli.dylib+0x7a5c]  __JVMInit_block_invoke+0x4c
C  [Foundation+0x413c5]  __NSBLOCKOPERATION_IS_CALLING_OUT_TO_A_BLOCK__+0x7
C  [Foundation+0x412e6]  -[NSBlockOperation main]+0x50
C  [Foundation+0x41281]  __NSOPERATION_IS_INVOKING_MAIN__+0x11
C  [Foundation+0x404b3]  -[NSOperation start]+0x2d2
C  [Foundation+0x9ab4d]  __NSThreadPerformPerform+0xcc
C  [CoreFoundation+0x847e2]  __CFRUNLOOP_IS_CALLING_OUT_TO_A_SOURCE0_PERFORM_FUNCTION__+0x11
C  [CoreFoundation+0x84781]  __CFRunLoopDoSource0+0x67
C  [CoreFoundation+0x8459b]  __CFRunLoopDoSources0+0xd1
C  [CoreFoundation+0x832ca]  __CFRunLoopRun+0x39f
C  [CoreFoundation+0x828ce]  CFRunLoopRunSpecific+0x1ce
C  [libjli.dylib+0x70b2]  CreateExecutionEnvironment+0x182
C  [libjli.dylib+0x2c15]  JLI_Launch+0x585
C  [java+0x3c11]  main+0x191
C  [libdyld.dylib+0x1acc9]  start+0x1

Java frames: (J=compiled Java code, j=interpreted, Vv=VM code)
j  org.lwjgl.opengl.GL11C.nglDrawElements(IIIJ)V+0
j  org.lwjgl.opengl.GL11C.glDrawElements(IIIJ)V+4
j  org.lwjgl.opengl.GL11.glDrawElements(IIIJ)V+4
j  Engine.Renderer.render()V+38
j  Engine.Window.loop()V+38
j  Engine.Window.run()V+19
j  Main.main([Ljava/lang/String;)V+3
v  ~StubRoutines::call_stub

siginfo: si_signo: 11 (SIGSEGV), si_code: 1 (SEGV_MAPERR), si_addr: 0x0000000000000060

Register to memory mapping:

RAX=0x0000000000000060 is an unknown value
RBX=0x0000000000001c34 is an unknown value
RCX=0x00007fff3d5713bc: gleRunVertexSubmitImmediate+0x258c in /System/Library/Frameworks/OpenGL.framework/Versions/A/Resources/GLEngine.bundle/GLEngine at 0x00007fff3d446000
RDX=0x0000000000000006 is an unknown value
RSP=0x00007ffeecbbe230 is pointing into the stack for thread: 0x00007fe38a00a000
RBP=0x00007ffeecbbe3d0 is pointing into the stack for thread: 0x00007fe38a00a000
RSI=0x00007fff3d571ab4: gleRunVertexSubmitImmediate+0x2c84 in /System/Library/Frameworks/OpenGL.framework/Versions/A/Resources/GLEngine.bundle/GLEngine at 0x00007fff3d446000
RDI=0x0000000000000004 is an unknown value
R8 =0x0000000000000006 is an unknown value
R9 =0x00007fe389494000 points into unknown readable memory: 0x0000001800082d02 | 02 2d 08 00 18 00 00 00
R10=0x0000000000000006 is an unknown value
R11=0x000000038680108b is an unknown value
R12=0x0 is NULL
R13=0x0 is NULL
R14=0x0000000000000001 is an unknown value
R15=0x00001c3400845800 is an unknown value


Registers:
RAX=0x0000000000000060, RBX=0x0000000000001c34, RCX=0x00007fff3d5713bc, RDX=0x0000000000000006
RSP=0x00007ffeecbbe230, RBP=0x00007ffeecbbe3d0, RSI=0x00007fff3d571ab4, RDI=0x0000000000000004
R8 =0x0000000000000006, R9 =0x00007fe389494000, R10=0x0000000000000006, R11=0x000000038680108b
R12=0x0000000000000000, R13=0x0000000000000000, R14=0x0000000000000001, R15=0x00001c3400845800
RIP=0x00007fff3d5713d2, EFLAGS=0x0000000000010246, ERR=0x0000000000000004
  TRAPNO=0x000000000000000e

Top of Stack: (sp=0x00007ffeecbbe230)
0x00007ffeecbbe230:   cb000000cb000000 cb000000cb000000
0x00007ffeecbbe240:   0000000100000000 0000000000000000
0x00007ffeecbbe250:   00007fe389491300 00007fe38c21a170
0x00007ffeecbbe260:   00007fe38c21a140 00007fe38c21a1a0
0x00007ffeecbbe270:   00007fe38c21a160 00007fe38c21a180
0x00007ffeecbbe280:   00007fe38c21a150 0000000000000002
0x00007ffeecbbe290:   0000000000000000 0000000000000000
0x00007ffeecbbe2a0:   00007fe38c21a190 00007fe389494000
0x00007ffeecbbe2b0:   fffffffffffffffe ffffffffffffffff
0x00007ffeecbbe2c0:   0000000000000000 0000000000000000
0x00007ffeecbbe2d0:   00000000ffffffff 00007fe38c21a140
0x00007ffeecbbe2e0:   0000000000000000 ffffffffffffffff
0x00007ffeecbbe2f0:   0000000000000000 00007fe38c21a000
0x00007ffeecbbe300:   7d5622f0af7b0003 00007fe38c21a000
0x00007ffeecbbe310:   0000000000000004 0000000000000008
0x00007ffeecbbe320:   00007fe33f800000 0000000000000001
0x00007ffeecbbe330:   0000000000000003 0000000000000000
0x00007ffeecbbe340:   0000000000000000 00007fff27c5bf2e
0x00007ffeecbbe350:   0000000000001fec 00007fe38c22f2b0
0x00007ffeecbbe360:   0000000000000060 0000000125d380c0
0x00007ffeecbbe370:   0000000125d38180 00000001223fc000
0x00007ffeecbbe380:   00007fe38c21dda0 00007fe38c21dfb0
0x00007ffeecbbe390:   00007fe38a209dc0 0000000000000000
0x00007ffeecbbe3a0:   7d5622f0af7b0003 0000000000000000
0x00007ffeecbbe3b0:   00007fe38c21a000 00007fe38a209a00
0x00007ffeecbbe3c0:   0000000000000006 0000000000000006
0x00007ffeecbbe3d0:   00007ffeecbbe430 00007fff3d4f0bdd
0x00007ffeecbbe3e0:   00007fe38a209e40 0000000000000004
0x00007ffeecbbe3f0:   0000000000000004 0000000000000006
0x00007ffeecbbe400:   000000068a00a000 00000001229eab28
0x00007ffeecbbe410:   0000000000000000 00000001229eab28
0x00007ffeecbbe420:   00007ffeecbbe4f8 00007fe38a00a000 

Instructions: (pc=0x00007fff3d5713d2)
0x00007fff3d5712d2:   00 00 00 80 89 d1 81 e1 ff 03 00 00 81 e2 00 7c
0x00007fff3d5712e2:   00 00 74 1c 81 fa 00 7c 00 00 75 3f 85 c9 b9 ff
0x00007fff3d5712f2:   ff ff 7f ba 00 00 80 7f 0f 44 ca e9 55 02 00 00
0x00007fff3d571302:   85 c9 0f 84 44 02 00 00 ba 00 00 80 38 89 ce 8d
0x00007fff3d571312:   0c 36 81 c2 00 00 80 ff f7 c6 00 02 00 00 74 ed
0x00007fff3d571322:   81 e1 fe 03 00 00 e9 25 02 00 00 c1 e2 0d 81 c2
0x00007fff3d571332:   00 00 00 38 e9 17 02 00 00 83 ff 04 0f 85 79 03
0x00007fff3d571342:   00 00 66 0f 6e 00 e9 80 03 00 00 83 ff 04 0f 85
0x00007fff3d571352:   8f 03 00 00 f3 0f 7e 00 66 0f 61 c0 e9 9c 03 00
0x00007fff3d571362:   00 83 ff 04 0f 85 a6 03 00 00 0f 10 00 e9 aa 03
0x00007fff3d571372:   00 00 8b 08 8b 50 04 0f 57 e4 f3 48 0f 2a e1 f3
0x00007fff3d571382:   48 0f 2a ca 8b 48 08 f3 48 0f 2a c1 83 ff 04 0f
0x00007fff3d571392:   85 95 03 00 00 8b 40 0c f3 48 0f 2a d0 66 0f 3a
0x00007fff3d5713a2:   21 e1 10 66 0f 3a 21 e0 20 66 0f 3a 21 e2 30 41
0x00007fff3d5713b2:   ba 05 00 00 00 e9 14 e9 ff ff 41 f7 c7 00 00 00
0x00007fff3d5713c2:   01 0f 85 77 03 00 00 83 ff 04 0f 85 ad 04 00 00
0x00007fff3d5713d2:   0f 10 20 e9 b1 04 00 00 83 ff 04 0f 85 65 03 00
0x00007fff3d5713e2:   00 66 0f 6e 00 66 0f 60 c0 66 0f 61 c0 66 0f 72
0x00007fff3d5713f2:   e0 18 0f 5b e0 48 8b 85 28 ff ff ff 0f 59 a0 40
0x00007fff3d571402:   01 00 00 f3 0f 10 80 30 01 00 00 0f c6 c0 00 0f
0x00007fff3d571412:   5f e0 41 ba 08 00 00 00 e9 b1 e8 ff ff 83 ff 04
0x00007fff3d571422:   0f 85 6e 03 00 00 f3 0f 7e 00 66 0f 61 c0 66 0f
0x00007fff3d571432:   72 e0 10 0f 5b e0 48 8b 85 28 ff ff ff 0f 59 a0
0x00007fff3d571442:   50 01 00 00 f3 0f 10 80 30 01 00 00 0f c6 c0 00
0x00007fff3d571452:   0f 5f e0 41 ba 0a 00 00 00 e9 70 e8 ff ff 83 ff
0x00007fff3d571462:   04 0f 85 7d 03 00 00 0f 10 00 0f 5b e0 48 8b 85
0x00007fff3d571472:   28 ff ff ff 0f 59 a0 60 01 00 00 f3 0f 10 80 30
0x00007fff3d571482:   01 00 00 0f c6 c0 00 0f 5f e0 41 ba 0c 00 00 00
0x00007fff3d571492:   e9 39 e8 ff ff 83 ff 04 0f 85 83 03 00 00 f3 0f
0x00007fff3d5714a2:   6f 00 66 0f 72 d0 01 0f 5b e0 48 8b 85 28 ff ff
0x00007fff3d5714b2:   ff 0f 59 a0 90 01 00 00 41 ba 0d 00 00 00 e9 0b
0x00007fff3d5714c2:   e8 ff ff 83 ff 04 0f 85 89 03 00 00 0f 10 00 e9 


Stack slot to memory mapping:
stack at sp + 0 slots: 0xcb000000cb000000 is an unknown value
stack at sp + 1 slots: 0xcb000000cb000000 is an unknown value
stack at sp + 2 slots: 0x0000000100000000 is an unknown value
stack at sp + 3 slots: 0x0 is NULL
stack at sp + 4 slots: 0x00007fe389491300 points into unknown readable memory: 0x0000000000000000 | 00 00 00 00 00 00 00 00
stack at sp + 5 slots: 0x00007fe38c21a170 points into unknown readable memory: 0x3b8080813b808081 | 81 80 80 3b 81 80 80 3b
stack at sp + 6 slots: 0x00007fe38c21a140 points into unknown readable memory: 0x3c0102043c010204 | 04 02 01 3c 04 02 01 3c
stack at sp + 7 slots: 0x00007fe38c21a1a0 points into unknown readable memory: 0x3780000037800000 | 00 00 80 37 00 00 80 37


---------------  P R O C E S S  ---------------

Threads class SMR info:
_java_thread_list=0x00007fe389506c60, length=11, elements={
0x00007fe38a00a000, 0x00007fe38a01b000, 0x00007fe38b873e00, 0x00007fe389812000,
0x00007fe38b872200, 0x00007fe38b872800, 0x00007fe38a035000, 0x00007fe38a824400,
0x00007fe38a035600, 0x00007fe38a035c00, 0x00007fe38981b800
}

Java Threads: ( => current thread )
=>0x00007fe38a00a000 JavaThread "main" [_thread_in_native, id=775, stack(0x00007ffeec3c2000,0x00007ffeecbc2000)]
  0x00007fe38a01b000 JavaThread "Reference Handler" daemon [_thread_blocked, id=15875, stack(0x000070000d651000,0x000070000d751000)]
  0x00007fe38b873e00 JavaThread "Finalizer" daemon [_thread_blocked, id=17411, stack(0x000070000d754000,0x000070000d854000)]
  0x00007fe389812000 JavaThread "Signal Dispatcher" daemon [_thread_blocked, id=42499, stack(0x000070000d95d000,0x000070000da5d000)]
  0x00007fe38b872200 JavaThread "Service Thread" daemon [_thread_blocked, id=22531, stack(0x000070000da60000,0x000070000db60000)]
  0x00007fe38b872800 JavaThread "Monitor Deflation Thread" daemon [_thread_blocked, id=41731, stack(0x000070000db63000,0x000070000dc63000)]
  0x00007fe38a035000 JavaThread "C2 CompilerThread0" daemon [_thread_blocked, id=41475, stack(0x000070000dc66000,0x000070000dd66000)]
  0x00007fe38a824400 JavaThread "C1 CompilerThread0" daemon [_thread_blocked, id=41219, stack(0x000070000dd69000,0x000070000de69000)]
  0x00007fe38a035600 JavaThread "Sweeper thread" daemon [_thread_blocked, id=40963, stack(0x000070000de6c000,0x000070000df6c000)]
  0x00007fe38a035c00 JavaThread "Notification Thread" daemon [_thread_blocked, id=40451, stack(0x000070000df6f000,0x000070000e06f000)]
  0x00007fe38981b800 JavaThread "Common-Cleaner" daemon [_thread_blocked, id=24323, stack(0x000070000e175000,0x000070000e275000)]

Other Threads:
  0x00007fe3895217c0 VMThread "VM Thread" [stack: 0x000070000d54e000,0x000070000d64e000] [id=18179]
  0x00007fe38960e3a0 WatcherThread [stack: 0x000070000e072000,0x000070000e172000] [id=23811]
  0x00007fe38b009110 GCTaskThread "GC Thread#0" [stack: 0x000070000d03f000,0x000070000d13f000] [id=20227]
  0x00007fe38951cfd0 ConcurrentGCThread "G1 Main Marker" [stack: 0x000070000d142000,0x000070000d242000] [id=12291]
  0x00007fe389410b70 ConcurrentGCThread "G1 Conc#0" [stack: 0x000070000d245000,0x000070000d345000] [id=13059]
  0x00007fe38b022430 ConcurrentGCThread "G1 Refine#0" [stack: 0x000070000d348000,0x000070000d448000] [id=13315]
  0x00007fe38b023150 ConcurrentGCThread "G1 Service" [stack: 0x000070000d44b000,0x000070000d54b000] [id=13827]

Threads with active compile tasks:

VM state: not at safepoint (normal execution)

VM Mutex/Monitor currently owned by a thread: None

Heap address: 0x0000000780000000, size: 2048 MB, Compressed Oops mode: Zero based, Oop shift amount: 3

CDS archive(s) mapped at: [0x0000000800000000-0x0000000800bd0000-0x0000000800bd0000), size 12386304, SharedBaseAddress: 0x0000000800000000, ArchiveRelocationMode: 0.
Compressed class space mapped at: 0x0000000800c00000-0x0000000840c00000, reserved size: 1073741824
Narrow klass base: 0x0000000800000000, Narrow klass shift: 0, Narrow klass range: 0x100000000

GC Precious Log:
 CPUs: 4 total, 4 available
 Memory: 8192M
 Large Page Support: Disabled
 NUMA Support: Disabled
 Compressed Oops: Enabled (Zero based)
 Heap Region Size: 1M
 Heap Min Capacity: 8M
 Heap Initial Capacity: 128M
 Heap Max Capacity: 2G
 Pre-touch: Disabled
 Parallel Workers: 4
 Concurrent Workers: 1
 Concurrent Refinement Workers: 4
 Periodic GC: Disabled

Heap:
 garbage-first heap   total 133120K, used 7120K [0x0000000780000000, 0x0000000800000000)
  region size 1024K, 8 young (8192K), 0 survivors (0K)
 Metaspace       used 3371K, committed 3584K, reserved 1056768K
  class space    used 173K, committed 256K, reserved 1048576K

Heap Regions: E=young(eden), S=young(survivor), O=old, HS=humongous(starts), HC=humongous(continues), CS=collection set, F=free, OA=open archive, CA=closed archive, TAMS=top-at-mark-start (previous, next)
|   0|0x0000000780000000, 0x0000000780000000, 0x0000000780100000|  0%| F|  |TAMS 0x0000000780000000, 0x0000000780000000| Untracked 
|   1|0x0000000780100000, 0x0000000780100000, 0x0000000780200000|  0%| F|  |TAMS 0x0000000780100000, 0x0000000780100000| Untracked 
|   2|0x0000000780200000, 0x0000000780200000, 0x0000000780300000|  0%| F|  |TAMS 0x0000000780200000, 0x0000000780200000| Untracked 
|   3|0x0000000780300000, 0x0000000780300000, 0x0000000780400000|  0%| F|  |TAMS 0x0000000780300000, 0x0000000780300000| Untracked 
|   4|0x0000000780400000, 0x0000000780400000, 0x0000000780500000|  0%| F|  |TAMS 0x0000000780400000, 0x0000000780400000| Untracked 
|   5|0x0000000780500000, 0x0000000780500000, 0x0000000780600000|  0%| F|  |TAMS 0x0000000780500000, 0x0000000780500000| Untracked 
|   6|0x0000000780600000, 0x0000000780600000, 0x0000000780700000|  0%| F|  |TAMS 0x0000000780600000, 0x0000000780600000| Untracked 
|   7|0x0000000780700000, 0x0000000780700000, 0x0000000780800000|  0%| F|  |TAMS 0x0000000780700000, 0x0000000780700000| Untracked 
|   8|0x0000000780800000, 0x0000000780800000, 0x0000000780900000|  0%| F|  |TAMS 0x0000000780800000, 0x0000000780800000| Untracked 
|   9|0x0000000780900000, 0x0000000780900000, 0x0000000780a00000|  0%| F|  |TAMS 0x0000000780900000, 0x0000000780900000| Untracked 
|  10|0x0000000780a00000, 0x0000000780a00000, 0x0000000780b00000|  0%| F|  |TAMS 0x0000000780a00000, 0x0000000780a00000| Untracked 
|  11|0x0000000780b00000, 0x0000000780b00000, 0x0000000780c00000|  0%| F|  |TAMS 0x0000000780b00000, 0x0000000780b00000| Untracked 
|  12|0x0000000780c00000, 0x0000000780c00000, 0x0000000780d00000|  0%| F|  |TAMS 0x0000000780c00000, 0x0000000780c00000| Untracked 
|  13|0x0000000780d00000, 0x0000000780d00000, 0x0000000780e00000|  0%| F|  |TAMS 0x0000000780d00000, 0x0000000780d00000| Untracked 
|  14|0x0000000780e00000, 0x0000000780e00000, 0x0000000780f00000|  0%| F|  |TAMS 0x0000000780e00000, 0x0000000780e00000| Untracked 
|  15|0x0000000780f00000, 0x0000000780f00000, 0x0000000781000000|  0%| F|  |TAMS 0x0000000780f00000, 0x0000000780f00000| Untracked 
|  16|0x0000000781000000, 0x0000000781000000, 0x0000000781100000|  0%| F|  |TAMS 0x0000000781000000, 0x0000000781000000| Untracked 
|  17|0x0000000781100000, 0x0000000781100000, 0x0000000781200000|  0%| F|  |TAMS 0x0000000781100000, 0x0000000781100000| Untracked 
|  18|0x0000000781200000, 0x0000000781200000, 0x0000000781300000|  0%| F|  |TAMS 0x0000000781200000, 0x0000000781200000| Untracked 
|  19|0x0000000781300000, 0x0000000781300000, 0x0000000781400000|  0%| F|  |TAMS 0x0000000781300000, 0x0000000781300000| Untracked 
|  20|0x0000000781400000, 0x0000000781400000, 0x0000000781500000|  0%| F|  |TAMS 0x0000000781400000, 0x0000000781400000| Untracked 
|  21|0x0000000781500000, 0x0000000781500000, 0x0000000781600000|  0%| F|  |TAMS 0x0000000781500000, 0x0000000781500000| Untracked 
|  22|0x0000000781600000, 0x0000000781600000, 0x0000000781700000|  0%| F|  |TAMS 0x0000000781600000, 0x0000000781600000| Untracked 
|  23|0x0000000781700000, 0x0000000781700000, 0x0000000781800000|  0%| F|  |TAMS 0x0000000781700000, 0x0000000781700000| Untracked 
|  24|0x0000000781800000, 0x0000000781800000, 0x0000000781900000|  0%| F|  |TAMS 0x0000000781800000, 0x0000000781800000| Untracked 
|  25|0x0000000781900000, 0x0000000781900000, 0x0000000781a00000|  0%| F|  |TAMS 0x0000000781900000, 0x0000000781900000| Untracked 
|  26|0x0000000781a00000, 0x0000000781a00000, 0x0000000781b00000|  0%| F|  |TAMS 0x0000000781a00000, 0x0000000781a00000| Untracked 
|  27|0x0000000781b00000, 0x0000000781b00000, 0x0000000781c00000|  0%| F|  |TAMS 0x0000000781b00000, 0x0000000781b00000| Untracked 
|  28|0x0000000781c00000, 0x0000000781c00000, 0x0000000781d00000|  0%| F|  |TAMS 0x0000000781c00000, 0x0000000781c00000| Untracked 
|  29|0x0000000781d00000, 0x0000000781d00000, 0x0000000781e00000|  0%| F|  |TAMS 0x0000000781d00000, 0x0000000781d00000| Untracked 
|  30|0x0000000781e00000, 0x0000000781e00000, 0x0000000781f00000|  0%| F|  |TAMS 0x0000000781e00000, 0x0000000781e00000| Untracked 
|  31|0x0000000781f00000, 0x0000000781f00000, 0x0000000782000000|  0%| F|  |TAMS 0x0000000781f00000, 0x0000000781f00000| Untracked 
|  32|0x0000000782000000, 0x0000000782000000, 0x0000000782100000|  0%| F|  |TAMS 0x0000000782000000, 0x0000000782000000| Untracked 
|  33|0x0000000782100000, 0x0000000782100000, 0x0000000782200000|  0%| F|  |TAMS 0x0000000782100000, 0x0000000782100000| Untracked 
|  34|0x0000000782200000, 0x0000000782200000, 0x0000000782300000|  0%| F|  |TAMS 0x0000000782200000, 0x0000000782200000| Untracked 
|  35|0x0000000782300000, 0x0000000782300000, 0x0000000782400000|  0%| F|  |TAMS 0x0000000782300000, 0x0000000782300000| Untracked 
|  36|0x0000000782400000, 0x0000000782400000, 0x0000000782500000|  0%| F|  |TAMS 0x0000000782400000, 0x0000000782400000| Untracked 
|  37|0x0000000782500000, 0x0000000782500000, 0x0000000782600000|  0%| F|  |TAMS 0x0000000782500000, 0x0000000782500000| Untracked 
|  38|0x0000000782600000, 0x0000000782600000, 0x0000000782700000|  0%| F|  |TAMS 0x0000000782600000, 0x0000000782600000| Untracked 
|  39|0x0000000782700000, 0x0000000782700000, 0x0000000782800000|  0%| F|  |TAMS 0x0000000782700000, 0x0000000782700000| Untracked 
|  40|0x0000000782800000, 0x0000000782800000, 0x0000000782900000|  0%| F|  |TAMS 0x0000000782800000, 0x0000000782800000| Untracked 
|  41|0x0000000782900000, 0x0000000782900000, 0x0000000782a00000|  0%| F|  |TAMS 0x0000000782900000, 0x0000000782900000| Untracked 
|  42|0x0000000782a00000, 0x0000000782a00000, 0x0000000782b00000|  0%| F|  |TAMS 0x0000000782a00000, 0x0000000782a00000| Untracked 
|  43|0x0000000782b00000, 0x0000000782b00000, 0x0000000782c00000|  0%| F|  |TAMS 0x0000000782b00000, 0x0000000782b00000| Untracked 
|  44|0x0000000782c00000, 0x0000000782c00000, 0x0000000782d00000|  0%| F|  |TAMS 0x0000000782c00000, 0x0000000782c00000| Untracked 
|  45|0x0000000782d00000, 0x0000000782d00000, 0x0000000782e00000|  0%| F|  |TAMS 0x0000000782d00000, 0x0000000782d00000| Untracked 
|  46|0x0000000782e00000, 0x0000000782e00000, 0x0000000782f00000|  0%| F|  |TAMS 0x0000000782e00000, 0x0000000782e00000| Untracked 
|  47|0x0000000782f00000, 0x0000000782f00000, 0x0000000783000000|  0%| F|  |TAMS 0x0000000782f00000, 0x0000000782f00000| Untracked 
|  48|0x0000000783000000, 0x0000000783000000, 0x0000000783100000|  0%| F|  |TAMS 0x0000000783000000, 0x0000000783000000| Untracked 
|  49|0x0000000783100000, 0x0000000783100000, 0x0000000783200000|  0%| F|  |TAMS 0x0000000783100000, 0x0000000783100000| Untracked 
|  50|0x0000000783200000, 0x0000000783200000, 0x0000000783300000|  0%| F|  |TAMS 0x0000000783200000, 0x0000000783200000| Untracked 
|  51|0x0000000783300000, 0x0000000783300000, 0x0000000783400000|  0%| F|  |TAMS 0x0000000783300000, 0x0000000783300000| Untracked 
|  52|0x0000000783400000, 0x0000000783400000, 0x0000000783500000|  0%| F|  |TAMS 0x0000000783400000, 0x0000000783400000| Untracked 
|  53|0x0000000783500000, 0x0000000783500000, 0x0000000783600000|  0%| F|  |TAMS 0x0000000783500000, 0x0000000783500000| Untracked 
|  54|0x0000000783600000, 0x0000000783600000, 0x0000000783700000|  0%| F|  |TAMS 0x0000000783600000, 0x0000000783600000| Untracked 
|  55|0x0000000783700000, 0x0000000783700000, 0x0000000783800000|  0%| F|  |TAMS 0x0000000783700000, 0x0000000783700000| Untracked 
|  56|0x0000000783800000, 0x0000000783800000, 0x0000000783900000|  0%| F|  |TAMS 0x0000000783800000, 0x0000000783800000| Untracked 
|  57|0x0000000783900000, 0x0000000783900000, 0x0000000783a00000|  0%| F|  |TAMS 0x0000000783900000, 0x0000000783900000| Untracked 
|  58|0x0000000783a00000, 0x0000000783a00000, 0x0000000783b00000|  0%| F|  |TAMS 0x0000000783a00000, 0x0000000783a00000| Untracked 
|  59|0x0000000783b00000, 0x0000000783b00000, 0x0000000783c00000|  0%| F|  |TAMS 0x0000000783b00000, 0x0000000783b00000| Untracked 
|  60|0x0000000783c00000, 0x0000000783c00000, 0x0000000783d00000|  0%| F|  |TAMS 0x0000000783c00000, 0x0000000783c00000| Untracked 
|  61|0x0000000783d00000, 0x0000000783d00000, 0x0000000783e00000|  0%| F|  |TAMS 0x0000000783d00000, 0x0000000783d00000| Untracked 
|  62|0x0000000783e00000, 0x0000000783e00000, 0x0000000783f00000|  0%| F|  |TAMS 0x0000000783e00000, 0x0000000783e00000| Untracked 
|  63|0x0000000783f00000, 0x0000000783f00000, 0x0000000784000000|  0%| F|  |TAMS 0x0000000783f00000, 0x0000000783f00000| Untracked 
|  64|0x0000000784000000, 0x0000000784000000, 0x0000000784100000|  0%| F|  |TAMS 0x0000000784000000, 0x0000000784000000| Untracked 
|  65|0x0000000784100000, 0x0000000784100000, 0x0000000784200000|  0%| F|  |TAMS 0x0000000784100000, 0x0000000784100000| Untracked 
|  66|0x0000000784200000, 0x0000000784200000, 0x0000000784300000|  0%| F|  |TAMS 0x0000000784200000, 0x0000000784200000| Untracked 
|  67|0x0000000784300000, 0x0000000784300000, 0x0000000784400000|  0%| F|  |TAMS 0x0000000784300000, 0x0000000784300000| Untracked 
|  68|0x0000000784400000, 0x0000000784400000, 0x0000000784500000|  0%| F|  |TAMS 0x0000000784400000, 0x0000000784400000| Untracked 
|  69|0x0000000784500000, 0x0000000784500000, 0x0000000784600000|  0%| F|  |TAMS 0x0000000784500000, 0x0000000784500000| Untracked 
|  70|0x0000000784600000, 0x0000000784600000, 0x0000000784700000|  0%| F|  |TAMS 0x0000000784600000, 0x0000000784600000| Untracked 
|  71|0x0000000784700000, 0x0000000784700000, 0x0000000784800000|  0%| F|  |TAMS 0x0000000784700000, 0x0000000784700000| Untracked 
|  72|0x0000000784800000, 0x0000000784800000, 0x0000000784900000|  0%| F|  |TAMS 0x0000000784800000, 0x0000000784800000| Untracked 
|  73|0x0000000784900000, 0x0000000784900000, 0x0000000784a00000|  0%| F|  |TAMS 0x0000000784900000, 0x0000000784900000| Untracked 
|  74|0x0000000784a00000, 0x0000000784a00000, 0x0000000784b00000|  0%| F|  |TAMS 0x0000000784a00000, 0x0000000784a00000| Untracked 
|  75|0x0000000784b00000, 0x0000000784b00000, 0x0000000784c00000|  0%| F|  |TAMS 0x0000000784b00000, 0x0000000784b00000| Untracked 
|  76|0x0000000784c00000, 0x0000000784c00000, 0x0000000784d00000|  0%| F|  |TAMS 0x0000000784c00000, 0x0000000784c00000| Untracked 
|  77|0x0000000784d00000, 0x0000000784d00000, 0x0000000784e00000|  0%| F|  |TAMS 0x0000000784d00000, 0x0000000784d00000| Untracked 
|  78|0x0000000784e00000, 0x0000000784e00000, 0x0000000784f00000|  0%| F|  |TAMS 0x0000000784e00000, 0x0000000784e00000| Untracked 
|  79|0x0000000784f00000, 0x0000000784f00000, 0x0000000785000000|  0%| F|  |TAMS 0x0000000784f00000, 0x0000000784f00000| Untracked 
|  80|0x0000000785000000, 0x0000000785000000, 0x0000000785100000|  0%| F|  |TAMS 0x0000000785000000, 0x0000000785000000| Untracked 
|  81|0x0000000785100000, 0x0000000785100000, 0x0000000785200000|  0%| F|  |TAMS 0x0000000785100000, 0x0000000785100000| Untracked 
|  82|0x0000000785200000, 0x0000000785200000, 0x0000000785300000|  0%| F|  |TAMS 0x0000000785200000, 0x0000000785200000| Untracked 
|  83|0x0000000785300000, 0x0000000785300000, 0x0000000785400000|  0%| F|  |TAMS 0x0000000785300000, 0x0000000785300000| Untracked 
|  84|0x0000000785400000, 0x0000000785400000, 0x0000000785500000|  0%| F|  |TAMS 0x0000000785400000, 0x0000000785400000| Untracked 
|  85|0x0000000785500000, 0x0000000785500000, 0x0000000785600000|  0%| F|  |TAMS 0x0000000785500000, 0x0000000785500000| Untracked 
|  86|0x0000000785600000, 0x0000000785600000, 0x0000000785700000|  0%| F|  |TAMS 0x0000000785600000, 0x0000000785600000| Untracked 
|  87|0x0000000785700000, 0x0000000785700000, 0x0000000785800000|  0%| F|  |TAMS 0x0000000785700000, 0x0000000785700000| Untracked 
|  88|0x0000000785800000, 0x0000000785800000, 0x0000000785900000|  0%| F|  |TAMS 0x0000000785800000, 0x0000000785800000| Untracked 
|  89|0x0000000785900000, 0x0000000785900000, 0x0000000785a00000|  0%| F|  |TAMS 0x0000000785900000, 0x0000000785900000| Untracked 
|  90|0x0000000785a00000, 0x0000000785a00000, 0x0000000785b00000|  0%| F|  |TAMS 0x0000000785a00000, 0x0000000785a00000| Untracked 
|  91|0x0000000785b00000, 0x0000000785b00000, 0x0000000785c00000|  0%| F|  |TAMS 0x0000000785b00000, 0x0000000785b00000| Untracked 
|  92|0x0000000785c00000, 0x0000000785c00000, 0x0000000785d00000|  0%| F|  |TAMS 0x0000000785c00000, 0x0000000785c00000| Untracked 
|  93|0x0000000785d00000, 0x0000000785d00000, 0x0000000785e00000|  0%| F|  |TAMS 0x0000000785d00000, 0x0000000785d00000| Untracked 
|  94|0x0000000785e00000, 0x0000000785e00000, 0x0000000785f00000|  0%| F|  |TAMS 0x0000000785e00000, 0x0000000785e00000| Untracked 
|  95|0x0000000785f00000, 0x0000000785f00000, 0x0000000786000000|  0%| F|  |TAMS 0x0000000785f00000, 0x0000000785f00000| Untracked 
|  96|0x0000000786000000, 0x0000000786000000, 0x0000000786100000|  0%| F|  |TAMS 0x0000000786000000, 0x0000000786000000| Untracked 
|  97|0x0000000786100000, 0x0000000786100000, 0x0000000786200000|  0%| F|  |TAMS 0x0000000786100000, 0x0000000786100000| Untracked 
|  98|0x0000000786200000, 0x0000000786200000, 0x0000000786300000|  0%| F|  |TAMS 0x0000000786200000, 0x0000000786200000| Untracked 
|  99|0x0000000786300000, 0x0000000786300000, 0x0000000786400000|  0%| F|  |TAMS 0x0000000786300000, 0x0000000786300000| Untracked 
| 100|0x0000000786400000, 0x0000000786400000, 0x0000000786500000|  0%| F|  |TAMS 0x0000000786400000, 0x0000000786400000| Untracked 
| 101|0x0000000786500000, 0x0000000786500000, 0x0000000786600000|  0%| F|  |TAMS 0x0000000786500000, 0x0000000786500000| Untracked 
| 102|0x0000000786600000, 0x0000000786600000, 0x0000000786700000|  0%| F|  |TAMS 0x0000000786600000, 0x0000000786600000| Untracked 
| 103|0x0000000786700000, 0x0000000786700000, 0x0000000786800000|  0%| F|  |TAMS 0x0000000786700000, 0x0000000786700000| Untracked 
| 104|0x0000000786800000, 0x0000000786800000, 0x0000000786900000|  0%| F|  |TAMS 0x0000000786800000, 0x0000000786800000| Untracked 
| 105|0x0000000786900000, 0x0000000786900000, 0x0000000786a00000|  0%| F|  |TAMS 0x0000000786900000, 0x0000000786900000| Untracked 
| 106|0x0000000786a00000, 0x0000000786a00000, 0x0000000786b00000|  0%| F|  |TAMS 0x0000000786a00000, 0x0000000786a00000| Untracked 
| 107|0x0000000786b00000, 0x0000000786b00000, 0x0000000786c00000|  0%| F|  |TAMS 0x0000000786b00000, 0x0000000786b00000| Untracked 
| 108|0x0000000786c00000, 0x0000000786c00000, 0x0000000786d00000|  0%| F|  |TAMS 0x0000000786c00000, 0x0000000786c00000| Untracked 
| 109|0x0000000786d00000, 0x0000000786d00000, 0x0000000786e00000|  0%| F|  |TAMS 0x0000000786d00000, 0x0000000786d00000| Untracked 
| 110|0x0000000786e00000, 0x0000000786e00000, 0x0000000786f00000|  0%| F|  |TAMS 0x0000000786e00000, 0x0000000786e00000| Untracked 
| 111|0x0000000786f00000, 0x0000000786f00000, 0x0000000787000000|  0%| F|  |TAMS 0x0000000786f00000, 0x0000000786f00000| Untracked 
| 112|0x0000000787000000, 0x0000000787000000, 0x0000000787100000|  0%| F|  |TAMS 0x0000000787000000, 0x0000000787000000| Untracked 
| 113|0x0000000787100000, 0x0000000787100000, 0x0000000787200000|  0%| F|  |TAMS 0x0000000787100000, 0x0000000787100000| Untracked 
| 114|0x0000000787200000, 0x0000000787200000, 0x0000000787300000|  0%| F|  |TAMS 0x0000000787200000, 0x0000000787200000| Untracked 
| 115|0x0000000787300000, 0x0000000787300000, 0x0000000787400000|  0%| F|  |TAMS 0x0000000787300000, 0x0000000787300000| Untracked 
| 116|0x0000000787400000, 0x0000000787400000, 0x0000000787500000|  0%| F|  |TAMS 0x0000000787400000, 0x0000000787400000| Untracked 
| 117|0x0000000787500000, 0x0000000787500000, 0x0000000787600000|  0%| F|  |TAMS 0x0000000787500000, 0x0000000787500000| Untracked 
| 118|0x0000000787600000, 0x0000000787600000, 0x0000000787700000|  0%| F|  |TAMS 0x0000000787600000, 0x0000000787600000| Untracked 
| 119|0x0000000787700000, 0x0000000787700000, 0x0000000787800000|  0%| F|  |TAMS 0x0000000787700000, 0x0000000787700000| Untracked 
| 120|0x0000000787800000, 0x00000007878a5b10, 0x0000000787900000| 64%| E|  |TAMS 0x0000000787800000, 0x0000000787800000| Complete 
| 121|0x0000000787900000, 0x0000000787a00000, 0x0000000787a00000|100%| E|  |TAMS 0x0000000787900000, 0x0000000787900000| Complete 
| 122|0x0000000787a00000, 0x0000000787b00000, 0x0000000787b00000|100%| E|CS|TAMS 0x0000000787a00000, 0x0000000787a00000| Complete 
| 123|0x0000000787b00000, 0x0000000787c00000, 0x0000000787c00000|100%| E|CS|TAMS 0x0000000787b00000, 0x0000000787b00000| Complete 
| 124|0x0000000787c00000, 0x0000000787d00000, 0x0000000787d00000|100%| E|CS|TAMS 0x0000000787c00000, 0x0000000787c00000| Complete 
| 125|0x0000000787d00000, 0x0000000787e00000, 0x0000000787e00000|100%| E|CS|TAMS 0x0000000787d00000, 0x0000000787d00000| Complete 
| 126|0x0000000787e00000, 0x0000000787f00000, 0x0000000787f00000|100%| E|CS|TAMS 0x0000000787e00000, 0x0000000787e00000| Complete 
| 127|0x0000000787f00000, 0x0000000788000000, 0x0000000788000000|100%| E|CS|TAMS 0x0000000787f00000, 0x0000000787f00000| Complete 
|2046|0x00000007ffe00000, 0x00000007ffe75000, 0x00000007fff00000| 45%|OA|  |TAMS 0x00000007ffe00000, 0x00000007ffe00000| Untracked 
|2047|0x00000007fff00000, 0x00000007fff7f000, 0x0000000800000000| 49%|CA|  |TAMS 0x00000007fff00000, 0x00000007fff00000| Untracked 

Card table byte_map: [0x000000010c668000,0x000000010ca68000] _byte_map_base: 0x0000000108a68000

Marking Bits (Prev, Next): (CMBitMap*) 0x00007fe38a01a810, (CMBitMap*) 0x00007fe38a01a850
 Prev Bits: [0x000000010ce68000, 0x000000010ee68000)
 Next Bits: [0x000000010ee68000, 0x0000000110e68000)

Polling page: 0x0000000103088000

Metaspace:

Usage:
  Non-class:      3.12 MB used.
      Class:    173.07 KB used.
       Both:      3.29 MB used.

Virtual space:
  Non-class space:        8.00 MB reserved,       3.25 MB ( 41%) committed,  1 nodes.
      Class space:        1.00 GB reserved,     256.00 KB ( <1%) committed,  1 nodes.
             Both:        1.01 GB reserved,       3.50 MB ( <1%) committed. 

Chunk freelists:
   Non-Class:  1.86 MB
       Class:  3.64 MB
        Both:  5.50 MB

MaxMetaspaceSize: unlimited
CompressedClassSpaceSize: 1.00 GB
Initial GC threshold: 21.00 MB
Current GC threshold: 21.00 MB
CDS: on
MetaspaceReclaimPolicy: balanced
 - commit_granule_bytes: 65536.
 - commit_granule_words: 8192.
 - virtual_space_node_default_size: 1048576.
 - enlarge_chunks_in_place: 1.
 - new_chunks_are_fully_committed: 0.
 - uncommit_free_chunks: 1.
 - use_allocation_guard: 0.
 - handle_deallocations: 1.


Internal statistics:

num_allocs_failed_limit: 0.
num_arena_births: 62.
num_arena_deaths: 0.
num_vsnodes_births: 2.
num_vsnodes_deaths: 0.
num_space_committed: 54.
num_space_uncommitted: 0.
num_chunks_returned_to_freelist: 0.
num_chunks_taken_from_freelist: 156.
num_chunk_merges: 0.
num_chunk_splits: 102.
num_chunks_enlarged: 73.
num_purges: 0.
num_inconsistent_stats: 0.

CodeHeap 'non-profiled nmethods': size=120032Kb used=144Kb max_used=144Kb free=119887Kb
 bounds [0x0000000118d53000, 0x0000000118fc3000, 0x000000012028b000]
CodeHeap 'profiled nmethods': size=120028Kb used=793Kb max_used=793Kb free=119234Kb
 bounds [0x000000011181c000, 0x0000000111a8c000, 0x0000000118d53000]
CodeHeap 'non-nmethods': size=5700Kb used=1525Kb max_used=1539Kb free=4174Kb
 bounds [0x000000011128b000, 0x00000001114fb000, 0x000000011181c000]
 total_blobs=1430 nmethods=492 adapters=852
 compilation: enabled
              stopped_count=0, restarted_count=0
 full_count=0

Compilation events (20 events):
Event: 0.551 Thread 0x00007fe38a035000 nmethod 475 0x0000000118d76190 code [0x0000000118d76320, 0x0000000118d76778]
Event: 0.553 Thread 0x00007fe38a035000  488       4       java.lang.String::startsWith (138 bytes)
Event: 0.560 Thread 0x00007fe38a035000 nmethod 488 0x0000000118d76910 code [0x0000000118d76aa0, 0x0000000118d76cf8]
Event: 0.562 Thread 0x00007fe38a824400 nmethod 483 0x00000001118cd510 code [0x00000001118ce640, 0x00000001118d8a60]
Event: 0.562 Thread 0x00007fe38a824400  487       3       java.lang.StringLatin1::toLowerCase (186 bytes)
Event: 0.563 Thread 0x00007fe38a824400 nmethod 487 0x00000001118dc910 code [0x00000001118dcba0, 0x00000001118dd6d0]
Event: 0.563 Thread 0x00007fe38a824400  486       3       java.lang.String::toLowerCase (29 bytes)
Event: 0.564 Thread 0x00007fe38a824400 nmethod 486 0x00000001118ddb10 code [0x00000001118ddce0, 0x00000001118ddf90]
Event: 0.564 Thread 0x00007fe38a824400  489       3       java.lang.String::toLowerCase (8 bytes)
Event: 0.564 Thread 0x00007fe38a824400 nmethod 489 0x00000001118de090 code [0x00000001118de280, 0x00000001118de5f0]
Event: 0.564 Thread 0x00007fe38a824400  484   !   3       jdk.internal.loader.BuiltinClassLoader::loadClassOrNull (143 bytes)
Event: 0.565 Thread 0x00007fe38a824400 nmethod 484 0x00000001118de710 code [0x00000001118dea40, 0x00000001118dff30]
Event: 0.565 Thread 0x00007fe38a824400  490       3       java.lang.StringConcatHelper::prepend (37 bytes)
Event: 0.565 Thread 0x00007fe38a824400 nmethod 490 0x00000001118e0790 code [0x00000001118e0960, 0x00000001118e0c30]
Event: 0.565 Thread 0x00007fe38a824400  485       3       java.lang.ClassLoader::getClassLoadingLock (35 bytes)
Event: 0.566 Thread 0x00007fe38a824400 nmethod 485 0x00000001118e0d90 code [0x00000001118e0f60, 0x00000001118e1260]
Event: 0.566 Thread 0x00007fe38a035000  491       4       java.util.zip.ZipFile::ensureOpen (40 bytes)
Event: 0.567 Thread 0x00007fe38a035000 nmethod 491 0x0000000118d76e90 code [0x0000000118d77020, 0x0000000118d770d8]
Event: 0.568 Thread 0x00007fe38a824400  492       3       sun.net.util.IPAddressUtil::checkHostString (53 bytes)
Event: 0.569 Thread 0x00007fe38a824400 nmethod 492 0x00000001118e1410 code [0x00000001118e16c0, 0x00000001118e2220]

GC Heap History (0 events):
No events

Deoptimization events (6 events):
Event: 0.179 Thread 0x00007fe38a00a000 DEOPT PACKING pc=0x000000011182e7da sp=0x00007ffeecbb8e10
Event: 0.179 Thread 0x00007fe38a00a000 DEOPT UNPACKING pc=0x00000001112dd82f sp=0x00007ffeecbb8250 mode 0
Event: 0.191 Thread 0x00007fe38a00a000 DEOPT PACKING pc=0x000000011181e34e sp=0x00007ffeecbbc7b0
Event: 0.191 Thread 0x00007fe38a00a000 DEOPT UNPACKING pc=0x00000001112dd82f sp=0x00007ffeecbbbc48 mode 0
Event: 0.531 Thread 0x00007fe38a00a000 DEOPT PACKING pc=0x000000011182426e sp=0x00007ffeecbbd340
Event: 0.531 Thread 0x00007fe38a00a000 DEOPT UNPACKING pc=0x00000001112dd82f sp=0x00007ffeecbbc7b0 mode 0

Classes unloaded (0 events):
No events

Classes redefined (0 events):
No events

Internal exceptions (16 events):
Event: 0.120 Thread 0x00007fe38a00a000 Exception <a 'java/lang/NoSuchMethodError'{0x0000000787d2f8e0}: 'java.lang.Object java.lang.invoke.DirectMethodHandle$Holder.invokeStaticInit(java.lang.Object)'> (0x0000000787d2f8e0) 
thrown [open/src/hotspot/share/interpreter/linkResolver.cpp, line 766]
Event: 0.134 Thread 0x00007fe38a00a000 Exception <a 'java/lang/NoSuchMethodError'{0x0000000787d82dc0}: 'void java.lang.invoke.DirectMethodHandle$Holder.invokeStatic(java.lang.Object, java.lang.Object)'> (0x0000000787d82dc0) 
thrown [open/src/hotspot/share/interpreter/linkResolver.cpp, line 766]
Event: 0.135 Thread 0x00007fe38a00a000 Exception <a 'java/lang/NoSuchMethodError'{0x0000000787d880d0}: 'void java.lang.invoke.DirectMethodHandle$Holder.invokeSpecial(java.lang.Object, java.lang.Object, java.lang.Object)'> (0x0000000787d880d0) 
thrown [open/src/hotspot/share/interpreter/linkResolver.cpp, line 766]
Event: 0.138 Thread 0x00007fe38a00a000 Exception <a 'java/lang/NoSuchMethodError'{0x0000000787d962d8}: 'java.lang.Object java.lang.invoke.DirectMethodHandle$Holder.invokeStatic(java.lang.Object, java.lang.Object, int)'> (0x0000000787d962d8) 
thrown [open/src/hotspot/share/interpreter/linkResolver.cpp, line 766]
Event: 0.139 Thread 0x00007fe38a00a000 Exception <a 'java/lang/NoSuchMethodError'{0x0000000787da1f90}: 'void java.lang.invoke.DelegatingMethodHandle$Holder.delegate(java.lang.Object, java.lang.Object, int, java.lang.Object)'> (0x0000000787da1f90) 
thrown [open/src/hotspot/share/interpreter/linkResolver.cpp, line 766]
Event: 0.140 Thread 0x00007fe38a00a000 Exception <a 'java/lang/NoSuchMethodError'{0x0000000787da61a0}: 'int java.lang.invoke.DirectMethodHandle$Holder.invokeSpecial(java.lang.Object, java.lang.Object, java.lang.Object)'> (0x0000000787da61a0) 
thrown [open/src/hotspot/share/interpreter/linkResolver.cpp, line 766]
Event: 0.171 Thread 0x00007fe38a00a000 Exception <a 'sun/nio/fs/UnixException'{0x0000000787c222e0}> (0x0000000787c222e0) 
thrown [open/src/hotspot/share/prims/jni.cpp, line 516]
Event: 0.181 Thread 0x00007fe38a00a000 Exception <a 'java/lang/NoSuchMethodError'{0x0000000787c60570}: 'int java.lang.invoke.DirectMethodHandle$Holder.invokeStaticInit(java.lang.Object, java.lang.Object, int, long)'> (0x0000000787c60570) 
thrown [open/src/hotspot/share/interpreter/linkResolver.cpp, line 766]
Event: 0.182 Thread 0x00007fe38a00a000 Exception <a 'java/lang/NoSuchMethodError'{0x0000000787c65e38}: 'java.lang.Object java.lang.invoke.DirectMethodHandle$Holder.newInvokeSpecial(java.lang.Object, java.lang.Object, int)'> (0x0000000787c65e38) 
thrown [open/src/hotspot/share/interpreter/linkResolver.cpp, line 766]
Event: 0.185 Thread 0x00007fe38a00a000 Exception <a 'java/lang/NoSuchMethodError'{0x0000000787c76a28}: 'int java.lang.invoke.DirectMethodHandle$Holder.invokeStaticInit(java.lang.Object, java.lang.Object, long, long)'> (0x0000000787c76a28) 
thrown [open/src/hotspot/share/interpreter/linkResolver.cpp, line 766]
Event: 0.185 Thread 0x00007fe38a00a000 Exception <a 'java/lang/NoSuchMethodError'{0x0000000787c7cb38}: 'java.lang.Object java.lang.invoke.DirectMethodHandle$Holder.newInvokeSpecial(java.lang.Object, java.lang.Object, long)'> (0x0000000787c7cb38) 
thrown [open/src/hotspot/share/interpreter/linkResolver.cpp, line 766]
Event: 0.186 Thread 0x00007fe38a00a000 Exception <a 'java/lang/NoSuchMethodError'{0x0000000787c80b80}: 'java.lang.Object java.lang.invoke.Invokers$Holder.linkToTargetMethod(java.lang.Object, long, java.lang.Object)'> (0x0000000787c80b80) 
thrown [open/src/hotspot/share/interpreter/linkResolver.cpp, line 766]
Event: 0.188 Thread 0x00007fe38a00a000 Exception <a 'java/lang/NoSuchMethodError'{0x0000000787c88298}: 'int java.lang.invoke.DirectMethodHandle$Holder.invokeStaticInit(java.lang.Object, java.lang.Object, java.lang.Object, long)'> (0x0000000787c88298) 
thrown [open/src/hotspot/share/interpreter/linkResolver.cpp, line 766]
Event: 0.217 Thread 0x00007fe38a00a000 Exception <a 'sun/nio/fs/UnixException'{0x0000000787b57ef8}> (0x0000000787b57ef8) 
thrown [open/src/hotspot/share/prims/jni.cpp, line 516]
Event: 0.237 Thread 0x00007fe38a00a000 Exception <a 'sun/nio/fs/UnixException'{0x0000000787bca2c0}> (0x0000000787bca2c0) 
thrown [open/src/hotspot/share/prims/jni.cpp, line 516]
Event: 0.452 Thread 0x00007fe38a00a000 Exception <a 'sun/nio/fs/UnixException'{0x0000000787a22c40}> (0x0000000787a22c40) 
thrown [open/src/hotspot/share/prims/jni.cpp, line 516]

VM Operations (4 events):
Event: 0.122 Executing VM operation: HandshakeAllThreads
Event: 0.122 Executing VM operation: HandshakeAllThreads done
Event: 0.165 Executing VM operation: HandshakeAllThreads
Event: 0.165 Executing VM operation: HandshakeAllThreads done

Events (20 events):
Event: 0.177 loading class jdk/internal/reflect/UnsafeFieldAccessorFactory done
Event: 0.177 loading class jdk/internal/reflect/UnsafeQualifiedStaticObjectFieldAccessorImpl
Event: 0.177 loading class jdk/internal/reflect/UnsafeQualifiedStaticFieldAccessorImpl
Event: 0.177 loading class jdk/internal/reflect/UnsafeQualifiedStaticFieldAccessorImpl done
Event: 0.177 loading class jdk/internal/reflect/UnsafeQualifiedStaticObjectFieldAccessorImpl done
Event: 0.181 loading class java/util/function/LongPredicate
Event: 0.181 loading class java/util/function/LongPredicate done
Event: 0.183 loading class jdk/internal/access/foreign/MemorySegmentProxy
Event: 0.183 loading class jdk/internal/access/foreign/MemorySegmentProxy done
Event: 0.189 loading class java/nio/InvalidMarkException
Event: 0.189 loading class java/nio/InvalidMarkException done
Event: 0.190 loading class java/nio/BufferUnderflowException
Event: 0.190 loading class java/nio/BufferUnderflowException done
Event: 0.218 loading class java/lang/NoSuchFieldError
Event: 0.218 loading class java/lang/NoSuchFieldError done
Event: 0.223 loading class jdk/internal/reflect/UnsafeQualifiedStaticIntegerFieldAccessorImpl
Event: 0.223 loading class jdk/internal/reflect/UnsafeQualifiedStaticIntegerFieldAccessorImpl done
Event: 0.456 Loaded shared library /private/var/folders/tf/zmygh2717sg2jp018rf9yzp59vylsy/T/lwjgliachaudray/3.3.0-build-21/liblwjgl_opengl.dylib
Event: 0.534 loading class java/lang/AssertionError
Event: 0.534 loading class java/lang/AssertionError done


Dynamic libraries:
0x00007fff6bd5e000 	/usr/lib/libz.1.dylib
0x000000010304e000 	/Users/iachaudray/Library/Java/JavaVirtualMachines/openjdk-17/Contents/Home/lib/libjli.dylib
0x00007fff319f3000 	/System/Library/Frameworks/Cocoa.framework/Versions/A/Cocoa
0x00007fff3f209000 	/System/Library/Frameworks/Security.framework/Versions/A/Security
0x00007fff30959000 	/System/Library/Frameworks/ApplicationServices.framework/Versions/A/ApplicationServices
0x00007fff69822000 	/usr/lib/libSystem.B.dylib
0x00007fff6c61f000 	/usr/lib/system/libcache.dylib
0x00007fff6c625000 	/usr/lib/system/libcommonCrypto.dylib
0x00007fff6c631000 	/usr/lib/system/libcompiler_rt.dylib
0x00007fff6c639000 	/usr/lib/system/libcopyfile.dylib
0x00007fff6c643000 	/usr/lib/system/libcorecrypto.dylib
0x00007fff6c7e2000 	/usr/lib/system/libdispatch.dylib
0x00007fff6c823000 	/usr/lib/system/libdyld.dylib
0x00007fff6c85a000 	/usr/lib/system/libkeymgr.dylib
0x00007fff6c868000 	/usr/lib/system/liblaunch.dylib
0x00007fff6c869000 	/usr/lib/system/libmacho.dylib
0x00007fff6c86f000 	/usr/lib/system/libquarantine.dylib
0x00007fff6c872000 	/usr/lib/system/libremovefile.dylib
0x00007fff6c874000 	/usr/lib/system/libsystem_asl.dylib
0x00007fff6c88c000 	/usr/lib/system/libsystem_blocks.dylib
0x00007fff6c88d000 	/usr/lib/system/libsystem_c.dylib
0x00007fff6c915000 	/usr/lib/system/libsystem_configuration.dylib
0x00007fff6c919000 	/usr/lib/system/libsystem_coreservices.dylib
0x00007fff6c91d000 	/usr/lib/system/libsystem_darwin.dylib
0x00007fff6c926000 	/usr/lib/system/libsystem_dnssd.dylib
0x00007fff6c92e000 	/usr/lib/system/libsystem_featureflags.dylib
0x00007fff6c930000 	/usr/lib/system/libsystem_info.dylib
0x00007fff6c9ab000 	/usr/lib/system/libsystem_m.dylib
0x00007fff6c9f3000 	/usr/lib/system/libsystem_malloc.dylib
0x00007fff6ca1b000 	/usr/lib/system/libsystem_networkextension.dylib
0x00007fff6ca29000 	/usr/lib/system/libsystem_notify.dylib
0x00007fff6ca47000 	/usr/lib/system/libsystem_sandbox.dylib
0x00007fff6ca4c000 	/usr/lib/system/libsystem_secinit.dylib
0x00007fff6c97e000 	/usr/lib/system/libsystem_kernel.dylib
0x00007fff6ca33000 	/usr/lib/system/libsystem_platform.dylib
0x00007fff6ca3c000 	/usr/lib/system/libsystem_pthread.dylib
0x00007fff6ca4f000 	/usr/lib/system/libsystem_symptoms.dylib
0x00007fff6ca57000 	/usr/lib/system/libsystem_trace.dylib
0x00007fff6ca6f000 	/usr/lib/system/libunwind.dylib
0x00007fff6ca75000 	/usr/lib/system/libxpc.dylib
0x00007fff6b682000 	/usr/lib/libobjc.A.dylib
0x00007fff69b5b000 	/usr/lib/libc++abi.dylib
0x00007fff69b08000 	/usr/lib/libc++.1.dylib
0x00007fff32895000 	/System/Library/Frameworks/CoreFoundation.framework/Versions/A/CoreFoundation
0x00007fff34f53000 	/System/Library/Frameworks/Foundation.framework/Versions/C/Foundation
0x00007fff2fb49000 	/System/Library/Frameworks/AppKit.framework/Versions/C/AppKit
0x00007fff32377000 	/System/Library/Frameworks/CoreData.framework/Versions/A/CoreData
0x00007fff63811000 	/System/Library/PrivateFrameworks/UIFoundation.framework/Versions/A/UIFoundation
0x00007fff5e8a5000 	/System/Library/PrivateFrameworks/RemoteViewServices.framework/Versions/A/RemoteViewServices
0x00007fff66392000 	/System/Library/PrivateFrameworks/XCTTargetBootstrap.framework/Versions/A/XCTTargetBootstrap
0x00007fff32762000 	/System/Library/Frameworks/CoreDisplay.framework/Versions/A/CoreDisplay
0x00007fff37e0e000 	/System/Library/Frameworks/Metal.framework/Versions/A/Metal
0x00007fff4c8a2000 	/System/Library/PrivateFrameworks/DesktopServicesPriv.framework/Versions/A/DesktopServicesPriv
0x00007fff6a95d000 	/usr/lib/liblangid.dylib
0x00007fff4bb37000 	/System/Library/PrivateFrameworks/CoreSVG.framework/Versions/A/CoreSVG
0x00007fff61a01000 	/System/Library/PrivateFrameworks/SkyLight.framework/Versions/A/SkyLight
0x00007fff32d17000 	/System/Library/Frameworks/CoreGraphics.framework/Versions/A/CoreGraphics
0x00007fff2e51d000 	/System/Library/Frameworks/Accelerate.framework/Versions/A/Accelerate
0x00007fff6bc4f000 	/usr/lib/libxml2.2.dylib
0x00007fff5782e000 	/System/Library/PrivateFrameworks/IconServices.framework/Versions/A/IconServices
0x00007fff35732000 	/System/Library/Frameworks/IOSurface.framework/Versions/A/IOSurface
0x00007fff6934c000 	/usr/lib/libDiagnosticMessagesClient.dylib
0x00007fff4c6fc000 	/System/Library/PrivateFrameworks/DFRFoundation.framework/Versions/A/DFRFoundation
0x00007fff6a6ec000 	/usr/lib/libicucore.A.dylib
0x00007fff30c8b000 	/System/Library/Frameworks/AudioToolbox.framework/Versions/A/AudioToolbox
0x00007fff30d6e000 	/System/Library/Frameworks/AudioUnit.framework/Versions/A/AudioUnit
0x00007fff69a24000 	/usr/lib/libauto.dylib
0x00007fff4c79e000 	/System/Library/PrivateFrameworks/DataDetectorsCore.framework/Versions/A/DataDetectorsCore
0x00007fff31514000 	/System/Library/Frameworks/Carbon.framework/Versions/A/Frameworks/HIToolbox.framework/Versions/A/HIToolbox
0x00007fff3e403000 	/System/Library/Frameworks/QuartzCore.framework/Versions/A/QuartzCore
0x00007fff31853000 	/System/Library/Frameworks/Carbon.framework/Versions/A/Frameworks/SpeechRecognition.framework/Versions/A/SpeechRecognition
0x00007fff4c210000 	/System/Library/PrivateFrameworks/CoreUI.framework/Versions/A/CoreUI
0x00007fff31de2000 	/System/Library/Frameworks/CoreAudio.framework/Versions/A/CoreAudio
0x00007fff34c12000 	/System/Library/Frameworks/DiskArbitration.framework/Versions/A/DiskArbitration
0x00007fff5987e000 	/System/Library/PrivateFrameworks/MultitouchSupport.framework/Versions/A/MultitouchSupport
0x00007fff6a5b3000 	/usr/lib/libenergytrace.dylib
0x00007fff3568c000 	/System/Library/Frameworks/IOKit.framework/Versions/A/IOKit
0x00007fff33c7e000 	/System/Library/Frameworks/CoreServices.framework/Versions/A/CoreServices
0x00007fff5ba38000 	/System/Library/PrivateFrameworks/PerformanceAnalysis.framework/Versions/A/PerformanceAnalysis
0x00007fff3d436000 	/System/Library/Frameworks/OpenGL.framework/Versions/A/OpenGL
0x00007fff31a01000 	/System/Library/Frameworks/ColorSync.framework/Versions/A/ColorSync
0x00007fff3339a000 	/System/Library/Frameworks/CoreImage.framework/Versions/A/CoreImage
0x00007fff346f1000 	/System/Library/Frameworks/CoreText.framework/Versions/A/CoreText
0x00007fff357c2000 	/System/Library/Frameworks/ImageIO.framework/Versions/A/ImageIO
0x00007fff69b84000 	/usr/lib/libcompression.dylib
0x00007fff69690000 	/usr/lib/libMobileGestalt.dylib
0x00007fff6357b000 	/System/Library/PrivateFrameworks/TextureIO.framework/Versions/A/TextureIO
0x00007fff69987000 	/usr/lib/libate.dylib
0x00007fff57a37000 	/System/Library/PrivateFrameworks/InternationalSupport.framework/Versions/A/InternationalSupport
0x00007fff6a95f000 	/usr/lib/liblzma.5.dylib
0x00007fff6a5da000 	/usr/lib/libfakelink.dylib
0x00007fff69914000 	/usr/lib/libarchive.2.dylib
0x00007fff402bc000 	/System/Library/Frameworks/SystemConfiguration.framework/Versions/A/SystemConfiguration
0x00007fff6927f000 	/usr/lib/libCRFSuite.dylib
0x00007fff31105000 	/System/Library/Frameworks/CFNetwork.framework/Versions/A/CFNetwork
0x00007fff69aea000 	/usr/lib/libbsm.0.dylib
0x00007fff6c85b000 	/usr/lib/system/libkxld.dylib
0x00007fff46076000 	/System/Library/PrivateFrameworks/AppleFSCompression.framework/Versions/A/AppleFSCompression
0x00007fff69e75000 	/usr/lib/libcoretls.dylib
0x00007fff69e8c000 	/usr/lib/libcoretls_cfhelpers.dylib
0x00007fff6b6c8000 	/usr/lib/libpam.2.dylib
0x00007fff6b7fd000 	/usr/lib/libsqlite3.dylib
0x00007fff6bc3c000 	/usr/lib/libxar.1.dylib
0x00007fff69afb000 	/usr/lib/libbz2.1.0.dylib
0x00007fff6a5fb000 	/usr/lib/libiconv.2.dylib
0x00007fff69b71000 	/usr/lib/libcharset.1.dylib
0x00007fff6b165000 	/usr/lib/libnetwork.dylib
0x00007fff6b6cf000 	/usr/lib/libpcap.A.dylib
0x00007fff698c9000 	/usr/lib/libapple_nghttp2.dylib
0x00007fff34035000 	/System/Library/Frameworks/CoreServices.framework/Versions/A/Frameworks/FSEvents.framework/Versions/A/FSEvents
0x00007fff33d05000 	/System/Library/Frameworks/CoreServices.framework/Versions/A/Frameworks/CarbonCore.framework/Versions/A/CarbonCore
0x00007fff34279000 	/System/Library/Frameworks/CoreServices.framework/Versions/A/Frameworks/Metadata.framework/Versions/A/Metadata
0x00007fff34312000 	/System/Library/Frameworks/CoreServices.framework/Versions/A/Frameworks/OSServices.framework/Versions/A/OSServices
0x00007fff34340000 	/System/Library/Frameworks/CoreServices.framework/Versions/A/Frameworks/SearchKit.framework/Versions/A/SearchKit
0x00007fff33c7f000 	/System/Library/Frameworks/CoreServices.framework/Versions/A/Frameworks/AE.framework/Versions/A/AE
0x00007fff3403e000 	/System/Library/Frameworks/CoreServices.framework/Versions/A/Frameworks/LaunchServices.framework/Versions/A/LaunchServices
0x00007fff33fe7000 	/System/Library/Frameworks/CoreServices.framework/Versions/A/Frameworks/DictionaryServices.framework/Versions/A/DictionaryServices
0x00007fff343a8000 	/System/Library/Frameworks/CoreServices.framework/Versions/A/Frameworks/SharedFileList.framework/Versions/A/SharedFileList
0x00007fff39255000 	/System/Library/Frameworks/NetFS.framework/Versions/A/NetFS
0x00007fff59dae000 	/System/Library/PrivateFrameworks/NetAuth.framework/Versions/A/NetAuth
0x00007fff6675f000 	/System/Library/PrivateFrameworks/login.framework/Versions/A/Frameworks/loginsupport.framework/Versions/A/loginsupport
0x00007fff63046000 	/System/Library/PrivateFrameworks/TCC.framework/Versions/A/TCC
0x00007fff4acaa000 	/System/Library/PrivateFrameworks/CoreNLP.framework/Versions/A/CoreNLP
0x00007fff592ab000 	/System/Library/PrivateFrameworks/MetadataUtilities.framework/Versions/A/MetadataUtilities
0x00007fff6aa37000 	/usr/lib/libmecabra.dylib
0x00007fff6a98f000 	/usr/lib/libmecab.dylib
0x00007fff6a5eb000 	/usr/lib/libgermantok.dylib
0x00007fff698b0000 	/usr/lib/libThaiTokenizer.dylib
0x00007fff692b6000 	/usr/lib/libChineseTokenizer.dylib
0x00007fff2e535000 	/System/Library/Frameworks/Accelerate.framework/Versions/A/Frameworks/vImage.framework/Versions/A/vImage
0x00007fff2f99f000 	/System/Library/Frameworks/Accelerate.framework/Versions/A/Frameworks/vecLib.framework/Versions/A/vecLib
0x00007fff2f8dc000 	/System/Library/Frameworks/Accelerate.framework/Versions/A/Frameworks/vecLib.framework/Versions/A/libvMisc.dylib
0x00007fff2f704000 	/System/Library/Frameworks/Accelerate.framework/Versions/A/Frameworks/vecLib.framework/Versions/A/libvDSP.dylib
0x00007fff2eb8c000 	/System/Library/Frameworks/Accelerate.framework/Versions/A/Frameworks/vecLib.framework/Versions/A/libBLAS.dylib
0x00007fff2f2c8000 	/System/Library/Frameworks/Accelerate.framework/Versions/A/Frameworks/vecLib.framework/Versions/A/libLAPACK.dylib
0x00007fff2f664000 	/System/Library/Frameworks/Accelerate.framework/Versions/A/Frameworks/vecLib.framework/Versions/A/libLinearAlgebra.dylib
0x00007fff2f6f1000 	/System/Library/Frameworks/Accelerate.framework/Versions/A/Frameworks/vecLib.framework/Versions/A/libSparseBLAS.dylib
0x00007fff2f67a000 	/System/Library/Frameworks/Accelerate.framework/Versions/A/Frameworks/vecLib.framework/Versions/A/libQuadrature.dylib
0x00007fff2edf4000 	/System/Library/Frameworks/Accelerate.framework/Versions/A/Frameworks/vecLib.framework/Versions/A/libBNNS.dylib
0x00007fff2f680000 	/System/Library/Frameworks/Accelerate.framework/Versions/A/Frameworks/vecLib.framework/Versions/A/libSparse.dylib
0x00007fff57e1f000 	/System/Library/PrivateFrameworks/LanguageModeling.framework/Versions/A/LanguageModeling
0x00007fff4a659000 	/System/Library/PrivateFrameworks/CoreEmoji.framework/Versions/A/CoreEmoji
0x00007fff57f3d000 	/System/Library/PrivateFrameworks/LinguisticData.framework/Versions/A/LinguisticData
0x00007fff57eee000 	/System/Library/PrivateFrameworks/Lexicon.framework/Versions/A/Lexicon
0x00007fff69b72000 	/usr/lib/libcmph.dylib
0x00007fff3be44000 	/System/Library/Frameworks/OpenDirectory.framework/Versions/A/Frameworks/CFOpenDirectory.framework/Versions/A/CFOpenDirectory
0x00007fff3be61000 	/System/Library/Frameworks/OpenDirectory.framework/Versions/A/OpenDirectory
0x00007fff442a6000 	/System/Library/PrivateFrameworks/APFS.framework/Versions/A/APFS
0x00007fff3f555000 	/System/Library/Frameworks/SecurityFoundation.framework/Versions/A/SecurityFoundation
0x00007fff6bc38000 	/usr/lib/libutil.dylib
0x00007fff4bb8f000 	/System/Library/PrivateFrameworks/CoreServicesStore.framework/Versions/A/CoreServicesStore
0x00007fff3f60c000 	/System/Library/Frameworks/ServiceManagement.framework/Versions/A/ServiceManagement
0x00007fff47847000 	/System/Library/PrivateFrameworks/BackgroundTaskManagement.framework/Versions/A/BackgroundTaskManagement
0x00007fff6bd35000 	/usr/lib/libxslt.1.dylib
0x00007fff466e9000 	/System/Library/PrivateFrameworks/AppleSystemInfo.framework/Versions/A/AppleSystemInfo
0x00007fff359df000 	/System/Library/Frameworks/ImageIO.framework/Versions/A/Resources/libJPEG.dylib
0x00007fff35c9c000 	/System/Library/Frameworks/ImageIO.framework/Versions/A/Resources/libTIFF.dylib
0x00007fff35c7f000 	/System/Library/Frameworks/ImageIO.framework/Versions/A/Resources/libPng.dylib
0x00007fff35921000 	/System/Library/Frameworks/ImageIO.framework/Versions/A/Resources/libGIF.dylib
0x00007fff35925000 	/System/Library/Frameworks/ImageIO.framework/Versions/A/Resources/libJP2.dylib
0x00007fff35c9a000 	/System/Library/Frameworks/ImageIO.framework/Versions/A/Resources/libRadiance.dylib
0x00007fff6a5b4000 	/usr/lib/libexpat.1.dylib
0x00007fff461d1000 	/System/Library/PrivateFrameworks/AppleJPEG.framework/Versions/A/AppleJPEG
0x00007fff4ee8f000 	/System/Library/PrivateFrameworks/FontServices.framework/libFontParser.dylib
0x00007fff65761000 	/System/Library/PrivateFrameworks/WatchdogClient.framework/Versions/A/WatchdogClient
0x00007fff5747a000 	/System/Library/PrivateFrameworks/IOAccelerator.framework/Versions/A/IOAccelerator
0x00007fff381a9000 	/System/Library/Frameworks/MetalPerformanceShaders.framework/Versions/A/MetalPerformanceShaders
0x00007fff53c0a000 	/System/Library/PrivateFrameworks/GPUWrangler.framework/Versions/A/GPUWrangler
0x00007fff5748f000 	/System/Library/PrivateFrameworks/IOPresentment.framework/Versions/A/IOPresentment
0x00007fff4c70f000 	/System/Library/PrivateFrameworks/DSExternalDisplay.framework/Versions/A/DSExternalDisplay
0x00007fff3c7d5000 	/System/Library/Frameworks/OpenGL.framework/Versions/A/Libraries/libCoreFSCache.dylib
0x00007fff37ef5000 	/System/Library/Frameworks/MetalPerformanceShaders.framework/Frameworks/MPSCore.framework/Versions/A/MPSCore
0x00007fff37f33000 	/System/Library/Frameworks/MetalPerformanceShaders.framework/Frameworks/MPSImage.framework/Versions/A/MPSImage
0x00007fff37ffa000 	/System/Library/Frameworks/MetalPerformanceShaders.framework/Frameworks/MPSNeuralNetwork.framework/Versions/A/MPSNeuralNetwork
0x00007fff37fbe000 	/System/Library/Frameworks/MetalPerformanceShaders.framework/Frameworks/MPSMatrix.framework/Versions/A/MPSMatrix
0x00007fff38159000 	/System/Library/Frameworks/MetalPerformanceShaders.framework/Frameworks/MPSRayIntersector.framework/Versions/A/MPSRayIntersector
0x00007fff37fe4000 	/System/Library/Frameworks/MetalPerformanceShaders.framework/Frameworks/MPSNDArray.framework/Versions/A/MPSNDArray
0x00007fff592f8000 	/System/Library/PrivateFrameworks/MetalTools.framework/Versions/A/MetalTools
0x00007fff45480000 	/System/Library/PrivateFrameworks/AggregateDictionary.framework/Versions/A/AggregateDictionary
0x00007fff4a0a1000 	/System/Library/PrivateFrameworks/CoreAnalytics.framework/Versions/A/CoreAnalytics
0x00007fff46608000 	/System/Library/PrivateFrameworks/AppleSauce.framework/Versions/A/AppleSauce
0x00007fff69572000 	/usr/lib/libIOReport.dylib
0x00007fff348a9000 	/System/Library/Frameworks/CoreVideo.framework/Versions/A/CoreVideo
0x00007fff55083000 	/System/Library/PrivateFrameworks/GraphVisualizer.framework/Versions/A/GraphVisualizer
0x00007fff4e3d5000 	/System/Library/PrivateFrameworks/FaceCore.framework/Versions/A/FaceCore
0x00007fff3bdeb000 	/System/Library/Frameworks/OpenCL.framework/Versions/A/OpenCL
0x00007fff69394000 	/usr/lib/libFosl_dynamic.dylib
0x00007fff5a7cf000 	/System/Library/PrivateFrameworks/OTSVG.framework/Versions/A/OTSVG
0x00007fff30a5e000 	/System/Library/Frameworks/ApplicationServices.framework/Versions/A/Frameworks/ATS.framework/Versions/A/Resources/libFontRegistry.dylib
0x00007fff4f05e000 	/System/Library/PrivateFrameworks/FontServices.framework/libhvf.dylib
0x00007fff3c7e0000 	/System/Library/Frameworks/OpenGL.framework/Versions/A/Libraries/libGFXShared.dylib
0x00007fff3c9be000 	/System/Library/Frameworks/OpenGL.framework/Versions/A/Libraries/libGLU.dylib
0x00007fff3c7e9000 	/System/Library/Frameworks/OpenGL.framework/Versions/A/Libraries/libGL.dylib
0x00007fff3c7f4000 	/System/Library/Frameworks/OpenGL.framework/Versions/A/Libraries/libGLImage.dylib
0x00007fff3c7d2000 	/System/Library/Frameworks/OpenGL.framework/Versions/A/Libraries/libCVMSPluginSupport.dylib
0x00007fff3c7db000 	/System/Library/Frameworks/OpenGL.framework/Versions/A/Libraries/libCoreVMClient.dylib
0x00007fff6b006000 	/usr/lib/libncurses.5.4.dylib
0x00007fff3095a000 	/System/Library/Frameworks/ApplicationServices.framework/Versions/A/Frameworks/ATS.framework/Versions/A/ATS
0x00007fff30b27000 	/System/Library/Frameworks/ApplicationServices.framework/Versions/A/Frameworks/ColorSyncLegacy.framework/Versions/A/ColorSyncLegacy
0x00007fff30bc5000 	/System/Library/Frameworks/ApplicationServices.framework/Versions/A/Frameworks/HIServices.framework/Versions/A/HIServices
0x00007fff30c1d000 	/System/Library/Frameworks/ApplicationServices.framework/Versions/A/Frameworks/LangAnalysis.framework/Versions/A/LangAnalysis
0x00007fff30c2c000 	/System/Library/Frameworks/ApplicationServices.framework/Versions/A/Frameworks/PrintCore.framework/Versions/A/PrintCore
0x00007fff30c72000 	/System/Library/Frameworks/ApplicationServices.framework/Versions/A/Frameworks/QD.framework/Versions/A/QD
0x00007fff30c7d000 	/System/Library/Frameworks/ApplicationServices.framework/Versions/A/Frameworks/SpeechSynthesis.framework/Versions/A/SpeechSynthesis
0x00007fff30af7000 	/System/Library/Frameworks/ApplicationServices.framework/Versions/A/Frameworks/ATSUI.framework/Versions/A/ATSUI
0x00007fff6a44a000 	/usr/lib/libcups.2.dylib
0x00007fff37244000 	/System/Library/Frameworks/Kerberos.framework/Versions/A/Kerberos
0x00007fff35385000 	/System/Library/Frameworks/GSS.framework/Versions/A/GSS
0x00007fff6b789000 	/usr/lib/libresolv.9.dylib
0x00007fff55230000 	/System/Library/PrivateFrameworks/Heimdal.framework/Versions/A/Heimdal
0x00007fff37257000 	/System/Library/Frameworks/Kerberos.framework/Versions/A/Libraries/libHeimdalProxy.dylib
0x00007fff6a5f1000 	/usr/lib/libheimdal-asn1.dylib
0x00007fff49539000 	/System/Library/PrivateFrameworks/CommonAuth.framework/Versions/A/CommonAuth
0x00007fff46786000 	/System/Library/PrivateFrameworks/AssertionServices.framework/Versions/A/AssertionServices
0x00007fff47329000 	/System/Library/PrivateFrameworks/AudioToolboxCore.framework/Versions/A/AudioToolboxCore
0x00007fff6640f000 	/System/Library/PrivateFrameworks/caulk.framework/Versions/A/caulk
0x00007fff478f3000 	/System/Library/PrivateFrameworks/BaseBoard.framework/Versions/A/BaseBoard
0x00007fff5ea33000 	/System/Library/PrivateFrameworks/RunningBoardServices.framework/Versions/A/RunningBoardServices
0x00007fff5ba44000 	/System/Library/PrivateFrameworks/PersistentConnection.framework/Versions/A/PersistentConnection
0x00007fff5e42c000 	/System/Library/PrivateFrameworks/ProtocolBuffer.framework/Versions/A/ProtocolBuffer
0x00007fff4955d000 	/System/Library/PrivateFrameworks/CommonUtilities.framework/Versions/A/CommonUtilities
0x00007fff47a81000 	/System/Library/PrivateFrameworks/Bom.framework/Versions/A/Bom
0x00007fff69245000 	/usr/lib/libAudioToolboxUtility.dylib
0x00007fff47851000 	/System/Library/PrivateFrameworks/Backup.framework/Versions/A/Backup
0x00007fff4c630000 	/System/Library/PrivateFrameworks/CrashReporterSupport.framework/Versions/A/CrashReporterSupport
0x00007fff604c5000 	/System/Library/PrivateFrameworks/Sharing.framework/Versions/A/Sharing
0x00007fff45d94000 	/System/Library/PrivateFrameworks/Apple80211.framework/Versions/A/Apple80211
0x00007fff4756e000 	/System/Library/PrivateFrameworks/AuthKit.framework/Versions/A/AuthKit
0x00007fff4c33d000 	/System/Library/PrivateFrameworks/CoreUtils.framework/Versions/A/CoreUtils
0x00007fff348ee000 	/System/Library/Frameworks/CoreWLAN.framework/Versions/A/CoreWLAN
0x00007fff35512000 	/System/Library/Frameworks/IOBluetooth.framework/Versions/A/IOBluetooth
0x00007fff595fd000 	/System/Library/PrivateFrameworks/MobileKeyBag.framework/Versions/A/MobileKeyBag
0x00007fff4b142000 	/System/Library/PrivateFrameworks/CorePhoneNumbers.framework/Versions/A/CorePhoneNumbers
0x00007fff46184000 	/System/Library/PrivateFrameworks/AppleIDAuthSupport.framework/Versions/A/AppleIDAuthSupport
0x00007fff39262000 	/System/Library/Frameworks/Network.framework/Versions/A/Network
0x00007fff57ccb000 	/System/Library/PrivateFrameworks/KeychainCircle.framework/Versions/A/KeychainCircle
0x00007fff3233e000 	/System/Library/Frameworks/CoreBluetooth.framework/Versions/A/CoreBluetooth
0x00007fff62544000 	/System/Library/PrivateFrameworks/SpeechRecognitionCore.framework/Versions/A/SpeechRecognitionCore
0x0000000103a00000 	/Users/iachaudray/Library/Java/JavaVirtualMachines/openjdk-17/Contents/Home/lib/server/libjvm.dylib
0x0000000103078000 	/Users/iachaudray/Library/Java/JavaVirtualMachines/openjdk-17/Contents/Home/lib/libjimage.dylib
0x00000001030d2000 	/Users/iachaudray/Library/Java/JavaVirtualMachines/openjdk-17/Contents/Home/lib/libjava.dylib
0x0000000110eb8000 	/Users/iachaudray/Library/Java/JavaVirtualMachines/openjdk-17/Contents/Home/lib/libnio.dylib
0x0000000110ed4000 	/Users/iachaudray/Library/Java/JavaVirtualMachines/openjdk-17/Contents/Home/lib/libnet.dylib
0x0000000110ef4000 	/Users/iachaudray/Library/Java/JavaVirtualMachines/openjdk-17/Contents/Home/lib/libzip.dylib
0x0000000110f08000 	/private/var/folders/tf/zmygh2717sg2jp018rf9yzp59vylsy/T/lwjgliachaudray/3.3.0-build-21/liblwjgl.dylib
0x0000000110f3d000 	/private/var/folders/tf/zmygh2717sg2jp018rf9yzp59vylsy/T/lwjgliachaudray/3.3.0-build-21/libglfw.dylib
0x00007fff4bb5b000 	/System/Library/PrivateFrameworks/CoreServicesInternal.framework/Versions/A/CoreServicesInternal
0x00007fff34e0d000 	/System/Library/Frameworks/FileProvider.framework/Versions/A/FileProvider
0x00007fff2f9a0000 	/System/Library/Frameworks/Accounts.framework/Versions/A/Accounts
0x00007fff53f2f000 	/System/Library/PrivateFrameworks/GenerationalStorage.framework/Versions/A/GenerationalStorage
0x00007fff4c0e2000 	/System/Library/PrivateFrameworks/CoreSymbolication.framework/Versions/A/CoreSymbolication
0x00007fff62d86000 	/System/Library/PrivateFrameworks/SymptomDiagnosticReporter.framework/Versions/A/SymptomDiagnosticReporter
0x00007fff45898000 	/System/Library/PrivateFrameworks/AppContainer.framework/Versions/A/AppContainer
0x00007fff6b7a3000 	/usr/lib/libsandbox.1.dylib
0x00007fff64704000 	/System/Library/PrivateFrameworks/UserManagement.framework/Versions/A/UserManagement
0x00007fff4863d000 	/System/Library/PrivateFrameworks/ChunkingLibrary.framework/Versions/A/ChunkingLibrary
0x00007fff4c864000 	/System/Library/PrivateFrameworks/DebugSymbols.framework/Versions/A/DebugSymbols
0x00007fff4590a000 	/System/Library/PrivateFrameworks/AppSandbox.framework/Versions/A/AppSandbox
0x00007fff6034f000 	/System/Library/PrivateFrameworks/SecCodeWrapper.framework/Versions/A/SecCodeWrapper
0x00007fff6965a000 	/usr/lib/libMatch.1.dylib
0x00007fff654d0000 	/System/Library/PrivateFrameworks/ViewBridge.framework/Versions/A/ViewBridge
0x0000000122297000 	/usr/lib/libobjc-trampolines.dylib
0x00007fff2e51e000 	/System/Library/Frameworks/Accelerate.framework/Versions/A/Frameworks/vImage.framework/Versions/A/Libraries/libCGInterfaces.dylib
0x00007fff4efc6000 	/System/Library/PrivateFrameworks/FontServices.framework/libTrueTypeScaler.dylib
0x00007fff66762000 	/System/Library/PrivateFrameworks/login.framework/Versions/A/login
0x00007fff3d446000 	/System/Library/Frameworks/OpenGL.framework/Versions/A/Resources/GLEngine.bundle/GLEngine
0x00007fff3c829000 	/System/Library/Frameworks/OpenGL.framework/Versions/A/Libraries/libGLProgrammability.dylib
0x00007fff27b95000 	/System/Library/Extensions/AppleIntelBDWGraphicsGLDriver.bundle/Contents/MacOS/AppleIntelBDWGraphicsGLDriver
0x00007fff53bfe000 	/System/Library/PrivateFrameworks/GPUSupport.framework/Versions/A/Libraries/libGPUSupportMercury.dylib
0x00007fff3d5c0000 	/System/Library/Frameworks/OpenGL.framework/Versions/A/Resources/GLRendererFloat.bundle/GLRendererFloat
0x00007fff3bde2000 	/System/Library/Frameworks/OpenCL.framework/Versions/A/Libraries/libcldcpuengine.dylib
0x00000001266cc000 	/private/var/folders/tf/zmygh2717sg2jp018rf9yzp59vylsy/T/lwjgliachaudray/3.3.0-build-21/liblwjgl_opengl.dylib


VM Arguments:
jvm_args: -Dfile.encoding=UTF-8 -Duser.country=US -Duser.language=en -Duser.variant -ea 
java_command: Main
java_class_path (initial): /Users/iachaudray/IdeaProjects/lwjglBYMYSELF/build/classes/java/main:/Users/iachaudray/IdeaProjects/lwjglBYMYSELF/build/resources/main:/Users/iachaudray/.gradle/caches/modules-2/files-2.1/org.lwjgl/lwjgl-assimp/3.3.0/82135e856184e76d38a97f729141298d3edcf0e4/lwjgl-assimp-3.3.0.jar:/Users/iachaudray/.gradle/caches/modules-2/files-2.1/org.lwjgl/lwjgl-assimp/3.3.0/43be922dc6262e3c623abfadb89fd434af6dac69/lwjgl-assimp-3.3.0-natives-macos.jar:/Users/iachaudray/.gradle/caches/modules-2/files-2.1/org.lwjgl/lwjgl-bgfx/3.3.0/b9e9a62b741bdc60f9207a4d4de6e61a2b7de6af/lwjgl-bgfx-3.3.0.jar:/Users/iachaudray/.gradle/caches/modules-2/files-2.1/org.lwjgl/lwjgl-bgfx/3.3.0/f98a9acc489491e920c46dda21d67e5590f8b531/lwjgl-bgfx-3.3.0-natives-macos.jar:/Users/iachaudray/.gradle/caches/modules-2/files-2.1/org.lwjgl/lwjgl-cuda/3.3.0/9dee4053dcf7cb384f278ff322bf074697a70a29/lwjgl-cuda-3.3.0.jar:/Users/iachaudray/.gradle/caches/modules-2/files-2.1/org.lwjgl/lwjgl-glfw/3.3.0/899e34f314525596f8fdb6476d3e56104da4601d/lwjgl-glfw-3.3.0.jar:/Users/iachaudray/.gradle/caches/modules-2/files-2.1/org.lwjgl/lwjgl-glfw/3.3.0/98de70314a31417494c2308587193e371c844a8b/lwjgl-glfw-3.3.0-natives-macos.jar:/Users/iachaudray/.gradle/caches/modules-2/files-2.1/org.lwjgl/lwjgl-meshoptimizer/3.3.0/102c9bbadfb06ea89be18b205213722f36a873fc/lwjgl-meshoptimizer-3.3.0.jar:/Users/iachaudray/.gradle/caches/modules-2/files-2.1/org.lwjgl/lwjgl-meshoptimizer/3.3.0/bbb6d34a8e4275a20221c15089b4814ab945f6c6/lwjgl-meshoptimizer-3.3.0-natives-macos.jar:/Users/iachaudray/.gradle/caches/modules-2/files-2.1/org.lwjgl/lwjgl-openal/3.3.0/902dd57b5a46e8a75ee843c2db61f80b4d130d48/lwjgl-openal-3.3.0.jar:/Users/iachaudray/.gradle/caches/modules-2/files-2.1/org.lwjgl/lwjgl-openal/3.3.0/aef03dcc854e22d6a7c5ea4fc886c9aaec9868f3/lwjgl-openal-3.3.0-natives-macos.jar:/Users/iachaudray/.gradle/caches/modules-2/files-2.1/org.lwjgl/lwjgl-opencl/3.3.0/90b4e8b038303b0f943e4a6d2a0f5b56c62eb353/lwjgl-opencl-3.3.0.jar:/Users
Launcher Type: SUN_STANDARD

[Global flags]
     intx CICompilerCount                          = 3                                         {product} {ergonomic}
     uint ConcGCThreads                            = 1                                         {product} {ergonomic}
     uint G1ConcRefinementThreads                  = 4                                         {product} {ergonomic}
   size_t G1HeapRegionSize                         = 1048576                                   {product} {ergonomic}
    uintx GCDrainStackTargetSize                   = 64                                        {product} {ergonomic}
   size_t InitialHeapSize                          = 134217728                                 {product} {ergonomic}
   size_t MarkStackSize                            = 4194304                                   {product} {ergonomic}
   size_t MaxHeapSize                              = 2147483648                                {product} {ergonomic}
   size_t MaxNewSize                               = 1287651328                                {product} {ergonomic}
   size_t MinHeapDeltaBytes                        = 1048576                                   {product} {ergonomic}
   size_t MinHeapSize                              = 8388608                                   {product} {ergonomic}
    uintx NonNMethodCodeHeapSize                   = 5832780                                {pd product} {ergonomic}
    uintx NonProfiledCodeHeapSize                  = 122912730                              {pd product} {ergonomic}
    uintx ProfiledCodeHeapSize                     = 122912730                              {pd product} {ergonomic}
    uintx ReservedCodeCacheSize                    = 251658240                              {pd product} {ergonomic}
     bool SegmentedCodeCache                       = true                                      {product} {ergonomic}
   size_t SoftMaxHeapSize                          = 2147483648                             {manageable} {ergonomic}
     bool UseCompressedClassPointers               = true                           {product lp64_product} {ergonomic}
     bool UseCompressedOops                        = true                           {product lp64_product} {ergonomic}
     bool UseG1GC                                  = true                                      {product} {ergonomic}
     bool UseNUMA                                  = false                                     {product} {ergonomic}
     bool UseNUMAInterleaving                      = false                                     {product} {ergonomic}

Logging:
Log output configuration:
 #0: stdout all=warning uptime,level,tags
 #1: stderr all=off uptime,level,tags

Environment Variables:
PATH=/usr/local/bin:/usr/bin:/bin:/usr/sbin:/sbin:/usr/local/share/dotnet:~/.dotnet/tools
SHELL=/bin/bash
LC_CTYPE=en_US.UTF-8

Signal Handlers:
   SIGSEGV: _ZL13crash_handleriP9__siginfoPv in libjvm.dylib, mask=11100110000111110111111111111111, flags=SA_RESTART|SA_SIGINFO
    SIGBUS: _ZL13crash_handleriP9__siginfoPv in libjvm.dylib, mask=11100110000111110111111111111111, flags=SA_RESTART|SA_SIGINFO
    SIGFPE: _ZL13crash_handleriP9__siginfoPv in libjvm.dylib, mask=11100110000111110111111111111111, flags=SA_RESTART|SA_SIGINFO
   SIGPIPE: _ZL17javaSignalHandleriP9__siginfoPv in libjvm.dylib, mask=11100110000111110111111111111111, flags=SA_RESTART|SA_SIGINFO
   SIGXFSZ: _ZL17javaSignalHandleriP9__siginfoPv in libjvm.dylib, mask=11100110000111110111111111111111, flags=SA_RESTART|SA_SIGINFO
    SIGILL: _ZL13crash_handleriP9__siginfoPv in libjvm.dylib, mask=11100110000111110111111111111111, flags=SA_RESTART|SA_SIGINFO
   SIGUSR2: _ZL10SR_handleriP9__siginfoP17__darwin_ucontext in libjvm.dylib, mask=00100000000000000000000000000000, flags=SA_RESTART|SA_SIGINFO
    SIGHUP: _ZL11UserHandleriPvS_ in libjvm.dylib, mask=11100110000111110111111111111111, flags=SA_RESTART|SA_SIGINFO
    SIGINT: _ZL11UserHandleriPvS_ in libjvm.dylib, mask=11100110000111110111111111111111, flags=SA_RESTART|SA_SIGINFO
   SIGTERM: _ZL11UserHandleriPvS_ in libjvm.dylib, mask=11100110000111110111111111111111, flags=SA_RESTART|SA_SIGINFO
   SIGQUIT: _ZL11UserHandleriPvS_ in libjvm.dylib, mask=11100110000111110111111111111111, flags=SA_RESTART|SA_SIGINFO
   SIGTRAP: _ZL13crash_handleriP9__siginfoPv in libjvm.dylib, mask=11100110000111110111111111111111, flags=SA_RESTART|SA_SIGINFO


---------------  S Y S T E M  ---------------

OS:
uname: Darwin 19.6.0 Darwin Kernel Version 19.6.0: Thu May  6 00:48:39 PDT 2021; root:xnu-6153.141.33~1/RELEASE_X86_64 x86_64
OS uptime: 6 days 17:22 hours
rlimit (soft/hard): STACK 8192k/65532k , CORE 0k/infinity , NPROC 1392/2088 , NOFILE 10240/infinity , AS infinity/infinity , CPU infinity/infinity , DATA infinity/infinity , FSIZE infinity/infinity , MEMLOCK infinity/infinity , RSS infinity/infinity
load average: 2.51 2.64 2.80

CPU: total 4 (initial active 4) (2 cores per cpu, 2 threads per core) family 6 model 61 stepping 4 microcode 0x2f, cx8, cmov, fxsr, ht, mmx, 3dnowpref, sse, sse2, sse3, ssse3, sse4.1, sse4.2, popcnt, lzcnt, tsc, tscinvbit, avx, avx2, aes, erms, clmul, bmi1, bmi2, rtm, adx, fma, vzeroupper, clflush

Memory: 4k page, physical 8388608k(898420k free), swap 2097152k(1583104k free)

vm_info: OpenJDK 64-Bit Server VM (17+35-2724) for bsd-amd64 JRE (17+35-2724), built on Aug  5 2021 22:31:25 by "mach5one" with clang Apple LLVM 12.0.0 (clang-1200.0.32.29)

END.
