#
# A fatal error has been detected by the Java Runtime Environment:
#
#  SIGSEGV (0xb) at pc=0x00007fff3d5713d2, pid=703, tid=775
#
# JRE version: OpenJDK Runtime Environment (17.0+35) (build 17+35-2724)
# Java VM: OpenJDK 64-Bit Server VM (17+35-2724, mixed mode, sharing, tiered, compressed oops, compressed class ptrs, g1 gc, bsd-amd64)
# Problematic frame:
# C  [GLEngine+0x12b3d2]  gleRunVertexSubmitImmediate+0x25a2
#
# No core dump will be written. Core dumps have been disabled. To enable core dumping, try "ulimit -c unlimited" before starting Java again
#
# If you would like to submit a bug report, please visit:
#   https://bugreport.java.com/bugreport/crash.jsp
# The crash happened outside the Java Virtual Machine in native code.
# See problematic frame for where to report the bug.
#

---------------  S U M M A R Y ------------

Command Line: -Dfile.encoding=UTF-8 -Duser.country=US -Duser.language=en -Duser.variant -ea Main

Host: "MacBookAir7,2" x86_64 1800 MHz, 4 cores, 8G, Darwin 19.6.0, macOS 10.15.7 (19H1217)
Time: Thu Jan  6 11:56:51 2022 CST elapsed time: 0.939616 seconds (0d 0h 0m 0s)

---------------  T H R E A D  ---------------

Current thread (0x00007fa65280f000):  JavaThread "main" [_thread_in_native, id=775, stack(0x00007ffee9b98000,0x00007ffeea398000)]

Stack: [0x00007ffee9b98000,0x00007ffeea398000],  sp=0x00007ffeea394220,  free space=8176k
Native frames: (J=compiled Java code, j=interpreted, Vv=VM code, C=native code)
C  [GLEngine+0x12b3d2]  gleRunVertexSubmitImmediate+0x25a2
C  [GLEngine+0xaabdd]  glDrawElements_GL3Exec+0x2b8
j  org.lwjgl.opengl.GL11C.nglDrawElements(IIIJ)V+0
j  org.lwjgl.opengl.GL11C.glDrawElements(IIIJ)V+4
j  org.lwjgl.opengl.GL11.glDrawElements(IIIJ)V+4
j  Engine.Renderer.render()V+91
j  Engine.Window.loop()V+45
j  Engine.Window.run()V+19
j  Main.main([Ljava/lang/String;)V+3
v  ~StubRoutines::call_stub
V  [libjvm.dylib+0x5041d1]  _ZN9JavaCalls11call_helperEP9JavaValueRK12methodHandleP17JavaCallArgumentsP10JavaThread+0x2a1
V  [libjvm.dylib+0x566142]  _ZL17jni_invoke_staticP7JNIEnv_P9JavaValueP8_jobject11JNICallTypeP10_jmethodIDP18JNI_ArgumentPusherP10JavaThread+0x152
V  [libjvm.dylib+0x5696ae]  jni_CallStaticVoidMethod+0x19e
C  [libjli.dylib+0x50bf]  JavaMain+0x9bf
C  [libjli.dylib+0x7a5c]  __JVMInit_block_invoke+0x4c
C  [Foundation+0x413c5]  __NSBLOCKOPERATION_IS_CALLING_OUT_TO_A_BLOCK__+0x7
C  [Foundation+0x412e6]  -[NSBlockOperation main]+0x50
C  [Foundation+0x41281]  __NSOPERATION_IS_INVOKING_MAIN__+0x11
C  [Foundation+0x404b3]  -[NSOperation start]+0x2d2
C  [Foundation+0x9ab4d]  __NSThreadPerformPerform+0xcc
C  [CoreFoundation+0x847e2]  __CFRUNLOOP_IS_CALLING_OUT_TO_A_SOURCE0_PERFORM_FUNCTION__+0x11
C  [CoreFoundation+0x84781]  __CFRunLoopDoSource0+0x67
C  [CoreFoundation+0x8459b]  __CFRunLoopDoSources0+0xd1
C  [CoreFoundation+0x832ca]  __CFRunLoopRun+0x39f
C  [CoreFoundation+0x828ce]  CFRunLoopRunSpecific+0x1ce
C  [libjli.dylib+0x70b2]  CreateExecutionEnvironment+0x182
C  [libjli.dylib+0x2c15]  JLI_Launch+0x585
C  [java+0x3c11]  main+0x191
C  [libdyld.dylib+0x1acc9]  start+0x1

Java frames: (J=compiled Java code, j=interpreted, Vv=VM code)
j  org.lwjgl.opengl.GL11C.nglDrawElements(IIIJ)V+0
j  org.lwjgl.opengl.GL11C.glDrawElements(IIIJ)V+4
j  org.lwjgl.opengl.GL11.glDrawElements(IIIJ)V+4
j  Engine.Renderer.render()V+91
j  Engine.Window.loop()V+45
j  Engine.Window.run()V+19
j  Main.main([Ljava/lang/String;)V+3
v  ~StubRoutines::call_stub

siginfo: si_signo: 11 (SIGSEGV), si_code: 1 (SEGV_MAPERR), si_addr: 0x0000000000000060

Register to memory mapping:

RAX=0x0000000000000060 is an unknown value
RBX=0x0000000000001c34 is an unknown value
RCX=0x00007fff3d5713bc: gleRunVertexSubmitImmediate+0x258c in /System/Library/Frameworks/OpenGL.framework/Versions/A/Resources/GLEngine.bundle/GLEngine at 0x00007fff3d446000
RDX=0x0000000000000006 is an unknown value
RSP=0x00007ffeea394220 is pointing into the stack for thread: 0x00007fa65280f000
RBP=0x00007ffeea3943c0 is pointing into the stack for thread: 0x00007fa65280f000
RSI=0x00007fff3d571ab4: gleRunVertexSubmitImmediate+0x2c84 in /System/Library/Frameworks/OpenGL.framework/Versions/A/Resources/GLEngine.bundle/GLEngine at 0x00007fff3d446000
RDI=0x0000000000000004 is an unknown value
R8 =0x0000000000000006 is an unknown value
R9 =0x00007fa6524bf090 points into unknown readable memory: 0x0000001800082d02 | 02 2d 08 00 18 00 00 00
R10=0x0000000000000006 is an unknown value
R11=0x000000038680108b is an unknown value
R12=0x0 is NULL
R13=0x0 is NULL
R14=0x0000000000000001 is an unknown value
R15=0x00001c3400845800 is an unknown value


Registers:
RAX=0x0000000000000060, RBX=0x0000000000001c34, RCX=0x00007fff3d5713bc, RDX=0x0000000000000006
RSP=0x00007ffeea394220, RBP=0x00007ffeea3943c0, RSI=0x00007fff3d571ab4, RDI=0x0000000000000004
R8 =0x0000000000000006, R9 =0x00007fa6524bf090, R10=0x0000000000000006, R11=0x000000038680108b
R12=0x0000000000000000, R13=0x0000000000000000, R14=0x0000000000000001, R15=0x00001c3400845800
RIP=0x00007fff3d5713d2, EFLAGS=0x0000000000010246, ERR=0x0000000000000004
  TRAPNO=0x000000000000000e

Top of Stack: (sp=0x00007ffeea394220)
0x00007ffeea394220:   cb000000cb000000 cb000000cb000000
0x00007ffeea394230:   0000000100000000 0000000000000000
0x00007ffeea394240:   00007fa6524b9b00 00007fa65521a170
0x00007ffeea394250:   00007fa65521a140 00007fa65521a1a0
0x00007ffeea394260:   00007fa65521a160 00007fa65521a180
0x00007ffeea394270:   00007fa65521a150 0000000000000002
0x00007ffeea394280:   0000000000000000 0000000000000000
0x00007ffeea394290:   00007fa65521a190 00007fa6524bf090
0x00007ffeea3942a0:   fffffffffffffffe ffffffffffffffff
0x00007ffeea3942b0:   0000000000000000 0000000000000000
0x00007ffeea3942c0:   00000000ffffffff 00007fa65521a140
0x00007ffeea3942d0:   0000000000000000 ffffffffffffffff
0x00007ffeea3942e0:   0000000000000000 00007fa65521a000
0x00007ffeea3942f0:   4f0bb178aa7b0087 00007fa65521a000
0x00007ffeea394300:   0000000000000004 0000000000000008
0x00007ffeea394310:   00007fa63f800000 0000000000000001
0x00007ffeea394320:   0000000000000003 0000000000000000
0x00007ffeea394330:   0000000000000000 00007fff27c5bf2e
0x00007ffeea394340:   0000000000001fec 00007fa65522f2b0
0x00007ffeea394350:   0000000000000060 00000001283870c0
0x00007ffeea394360:   0000000128387180 000000012894b000
0x00007ffeea394370:   00007fa65521dda0 00007fa65521dfb0
0x00007ffeea394380:   00007fa6548b77c0 0000000000000000
0x00007ffeea394390:   4f0bb178aa7b0087 0000000000000000
0x00007ffeea3943a0:   00007fa65521a000 00007fa6548b7400
0x00007ffeea3943b0:   0000000000000006 0000000000000006
0x00007ffeea3943c0:   00007ffeea394420 00007fff3d4f0bdd
0x00007ffeea3943d0:   00007fa6548b7840 0000000000000004
0x00007ffeea3943e0:   0000000000000004 0000000000000006
0x00007ffeea3943f0:   000000065280f000 0000000125a8ab28
0x00007ffeea394400:   0000000000000000 0000000125a8ab28
0x00007ffeea394410:   00007ffeea3944e0 00007fa65280f000 

Instructions: (pc=0x00007fff3d5713d2)
0x00007fff3d5712d2:   00 00 00 80 89 d1 81 e1 ff 03 00 00 81 e2 00 7c
0x00007fff3d5712e2:   00 00 74 1c 81 fa 00 7c 00 00 75 3f 85 c9 b9 ff
0x00007fff3d5712f2:   ff ff 7f ba 00 00 80 7f 0f 44 ca e9 55 02 00 00
0x00007fff3d571302:   85 c9 0f 84 44 02 00 00 ba 00 00 80 38 89 ce 8d
0x00007fff3d571312:   0c 36 81 c2 00 00 80 ff f7 c6 00 02 00 00 74 ed
0x00007fff3d571322:   81 e1 fe 03 00 00 e9 25 02 00 00 c1 e2 0d 81 c2
0x00007fff3d571332:   00 00 00 38 e9 17 02 00 00 83 ff 04 0f 85 79 03
0x00007fff3d571342:   00 00 66 0f 6e 00 e9 80 03 00 00 83 ff 04 0f 85
0x00007fff3d571352:   8f 03 00 00 f3 0f 7e 00 66 0f 61 c0 e9 9c 03 00
0x00007fff3d571362:   00 83 ff 04 0f 85 a6 03 00 00 0f 10 00 e9 aa 03
0x00007fff3d571372:   00 00 8b 08 8b 50 04 0f 57 e4 f3 48 0f 2a e1 f3
0x00007fff3d571382:   48 0f 2a ca 8b 48 08 f3 48 0f 2a c1 83 ff 04 0f
0x00007fff3d571392:   85 95 03 00 00 8b 40 0c f3 48 0f 2a d0 66 0f 3a
0x00007fff3d5713a2:   21 e1 10 66 0f 3a 21 e0 20 66 0f 3a 21 e2 30 41
0x00007fff3d5713b2:   ba 05 00 00 00 e9 14 e9 ff ff 41 f7 c7 00 00 00
0x00007fff3d5713c2:   01 0f 85 77 03 00 00 83 ff 04 0f 85 ad 04 00 00
0x00007fff3d5713d2:   0f 10 20 e9 b1 04 00 00 83 ff 04 0f 85 65 03 00
0x00007fff3d5713e2:   00 66 0f 6e 00 66 0f 60 c0 66 0f 61 c0 66 0f 72
0x00007fff3d5713f2:   e0 18 0f 5b e0 48 8b 85 28 ff ff ff 0f 59 a0 40
0x00007fff3d571402:   01 00 00 f3 0f 10 80 30 01 00 00 0f c6 c0 00 0f
0x00007fff3d571412:   5f e0 41 ba 08 00 00 00 e9 b1 e8 ff ff 83 ff 04
0x00007fff3d571422:   0f 85 6e 03 00 00 f3 0f 7e 00 66 0f 61 c0 66 0f
0x00007fff3d571432:   72 e0 10 0f 5b e0 48 8b 85 28 ff ff ff 0f 59 a0
0x00007fff3d571442:   50 01 00 00 f3 0f 10 80 30 01 00 00 0f c6 c0 00
0x00007fff3d571452:   0f 5f e0 41 ba 0a 00 00 00 e9 70 e8 ff ff 83 ff
0x00007fff3d571462:   04 0f 85 7d 03 00 00 0f 10 00 0f 5b e0 48 8b 85
0x00007fff3d571472:   28 ff ff ff 0f 59 a0 60 01 00 00 f3 0f 10 80 30
0x00007fff3d571482:   01 00 00 0f c6 c0 00 0f 5f e0 41 ba 0c 00 00 00
0x00007fff3d571492:   e9 39 e8 ff ff 83 ff 04 0f 85 83 03 00 00 f3 0f
0x00007fff3d5714a2:   6f 00 66 0f 72 d0 01 0f 5b e0 48 8b 85 28 ff ff
0x00007fff3d5714b2:   ff 0f 59 a0 90 01 00 00 41 ba 0d 00 00 00 e9 0b
0x00007fff3d5714c2:   e8 ff ff 83 ff 04 0f 85 89 03 00 00 0f 10 00 e9 


Stack slot to memory mapping:
stack at sp + 0 slots: 0xcb000000cb000000 is an unknown value
stack at sp + 1 slots: 0xcb000000cb000000 is an unknown value
stack at sp + 2 slots: 0x0000000100000000 is an unknown value
stack at sp + 3 slots: 0x0 is NULL
stack at sp + 4 slots: 0x00007fa6524b9b00 points into unknown readable memory: 0x00007fff76bd5241 | 41 52 bd 76 ff 7f 00 00
stack at sp + 5 slots: 0x00007fa65521a170 points into unknown readable memory: 0x3b8080813b808081 | 81 80 80 3b 81 80 80 3b
stack at sp + 6 slots: 0x00007fa65521a140 points into unknown readable memory: 0x3c0102043c010204 | 04 02 01 3c 04 02 01 3c
stack at sp + 7 slots: 0x00007fa65521a1a0 points into unknown readable memory: 0x3780000037800000 | 00 00 80 37 00 00 80 37


---------------  P R O C E S S  ---------------

Threads class SMR info:
_java_thread_list=0x00007fa6524249f0, length=11, elements={
0x00007fa65280f000, 0x00007fa652841800, 0x00007fa652822400, 0x00007fa65300e000,
0x00007fa652843c00, 0x00007fa652841e00, 0x00007fa652842400, 0x00007fa65481ac00,
0x00007fa652842a00, 0x00007fa653020e00, 0x00007fa65406a600
}

Java Threads: ( => current thread )
=>0x00007fa65280f000 JavaThread "main" [_thread_in_native, id=775, stack(0x00007ffee9b98000,0x00007ffeea398000)]
  0x00007fa652841800 JavaThread "Reference Handler" daemon [_thread_blocked, id=16131, stack(0x000070000cdf8000,0x000070000cef8000)]
  0x00007fa652822400 JavaThread "Finalizer" daemon [_thread_blocked, id=16387, stack(0x000070000cefb000,0x000070000cffb000)]
  0x00007fa65300e000 JavaThread "Signal Dispatcher" daemon [_thread_blocked, id=23043, stack(0x000070000d104000,0x000070000d204000)]
  0x00007fa652843c00 JavaThread "Service Thread" daemon [_thread_blocked, id=23299, stack(0x000070000d207000,0x000070000d307000)]
  0x00007fa652841e00 JavaThread "Monitor Deflation Thread" daemon [_thread_blocked, id=23811, stack(0x000070000d30a000,0x000070000d40a000)]
  0x00007fa652842400 JavaThread "C2 CompilerThread0" daemon [_thread_blocked, id=24067, stack(0x000070000d40d000,0x000070000d50d000)]
  0x00007fa65481ac00 JavaThread "C1 CompilerThread0" daemon [_thread_blocked, id=24579, stack(0x000070000d510000,0x000070000d610000)]
  0x00007fa652842a00 JavaThread "Sweeper thread" daemon [_thread_blocked, id=42243, stack(0x000070000d613000,0x000070000d713000)]
  0x00007fa653020e00 JavaThread "Notification Thread" daemon [_thread_blocked, id=24835, stack(0x000070000d716000,0x000070000d816000)]
  0x00007fa65406a600 JavaThread "Common-Cleaner" daemon [_thread_blocked, id=41475, stack(0x000070000d91c000,0x000070000da1c000)]

Other Threads:
  0x00007fa6527082e0 VMThread "VM Thread" [stack: 0x000070000ccf5000,0x000070000cdf5000] [id=18179]
  0x00007fa652423e90 WatcherThread [stack: 0x000070000d819000,0x000070000d919000] [id=41731]
  0x00007fa652526870 GCTaskThread "GC Thread#0" [stack: 0x000070000c7e6000,0x000070000c8e6000] [id=12547]
  0x00007fa652705310 ConcurrentGCThread "G1 Main Marker" [stack: 0x000070000c8e9000,0x000070000c9e9000] [id=20483]
  0x00007fa652706070 ConcurrentGCThread "G1 Conc#0" [stack: 0x000070000c9ec000,0x000070000caec000] [id=20227]
  0x00007fa65261cc00 ConcurrentGCThread "G1 Refine#0" [stack: 0x000070000caef000,0x000070000cbef000] [id=19715]
  0x00007fa652706d20 ConcurrentGCThread "G1 Service" [stack: 0x000070000cbf2000,0x000070000ccf2000] [id=14083]

Threads with active compile tasks:

VM state: not at safepoint (normal execution)

VM Mutex/Monitor currently owned by a thread: None

Heap address: 0x0000000780000000, size: 2048 MB, Compressed Oops mode: Zero based, Oop shift amount: 3

CDS archive(s) mapped at: [0x0000000800000000-0x0000000800bd0000-0x0000000800bd0000), size 12386304, SharedBaseAddress: 0x0000000800000000, ArchiveRelocationMode: 0.
Compressed class space mapped at: 0x0000000800c00000-0x0000000840c00000, reserved size: 1073741824
Narrow klass base: 0x0000000800000000, Narrow klass shift: 0, Narrow klass range: 0x100000000

GC Precious Log:
 CPUs: 4 total, 4 available
 Memory: 8192M
 Large Page Support: Disabled
 NUMA Support: Disabled
 Compressed Oops: Enabled (Zero based)
 Heap Region Size: 1M
 Heap Min Capacity: 8M
 Heap Initial Capacity: 128M
 Heap Max Capacity: 2G
 Pre-touch: Disabled
 Parallel Workers: 4
 Concurrent Workers: 1
 Concurrent Refinement Workers: 4
 Periodic GC: Disabled

Heap:
 garbage-first heap   total 133120K, used 8144K [0x0000000780000000, 0x0000000800000000)
  region size 1024K, 9 young (9216K), 0 survivors (0K)
 Metaspace       used 4136K, committed 4352K, reserved 1056768K
  class space    used 207K, committed 320K, reserved 1048576K

Heap Regions: E=young(eden), S=young(survivor), O=old, HS=humongous(starts), HC=humongous(continues), CS=collection set, F=free, OA=open archive, CA=closed archive, TAMS=top-at-mark-start (previous, next)
|   0|0x0000000780000000, 0x0000000780000000, 0x0000000780100000|  0%| F|  |TAMS 0x0000000780000000, 0x0000000780000000| Untracked 
|   1|0x0000000780100000, 0x0000000780100000, 0x0000000780200000|  0%| F|  |TAMS 0x0000000780100000, 0x0000000780100000| Untracked 
|   2|0x0000000780200000, 0x0000000780200000, 0x0000000780300000|  0%| F|  |TAMS 0x0000000780200000, 0x0000000780200000| Untracked 
|   3|0x0000000780300000, 0x0000000780300000, 0x0000000780400000|  0%| F|  |TAMS 0x0000000780300000, 0x0000000780300000| Untracked 
|   4|0x0000000780400000, 0x0000000780400000, 0x0000000780500000|  0%| F|  |TAMS 0x0000000780400000, 0x0000000780400000| Untracked 
|   5|0x0000000780500000, 0x0000000780500000, 0x0000000780600000|  0%| F|  |TAMS 0x0000000780500000, 0x0000000780500000| Untracked 
|   6|0x0000000780600000, 0x0000000780600000, 0x0000000780700000|  0%| F|  |TAMS 0x0000000780600000, 0x0000000780600000| Untracked 
|   7|0x0000000780700000, 0x0000000780700000, 0x0000000780800000|  0%| F|  |TAMS 0x0000000780700000, 0x0000000780700000| Untracked 
|   8|0x0000000780800000, 0x0000000780800000, 0x0000000780900000|  0%| F|  |TAMS 0x0000000780800000, 0x0000000780800000| Untracked 
|   9|0x0000000780900000, 0x0000000780900000, 0x0000000780a00000|  0%| F|  |TAMS 0x0000000780900000, 0x0000000780900000| Untracked 
|  10|0x0000000780a00000, 0x0000000780a00000, 0x0000000780b00000|  0%| F|  |TAMS 0x0000000780a00000, 0x0000000780a00000| Untracked 
|  11|0x0000000780b00000, 0x0000000780b00000, 0x0000000780c00000|  0%| F|  |TAMS 0x0000000780b00000, 0x0000000780b00000| Untracked 
|  12|0x0000000780c00000, 0x0000000780c00000, 0x0000000780d00000|  0%| F|  |TAMS 0x0000000780c00000, 0x0000000780c00000| Untracked 
|  13|0x0000000780d00000, 0x0000000780d00000, 0x0000000780e00000|  0%| F|  |TAMS 0x0000000780d00000, 0x0000000780d00000| Untracked 
|  14|0x0000000780e00000, 0x0000000780e00000, 0x0000000780f00000|  0%| F|  |TAMS 0x0000000780e00000, 0x0000000780e00000| Untracked 
|  15|0x0000000780f00000, 0x0000000780f00000, 0x0000000781000000|  0%| F|  |TAMS 0x0000000780f00000, 0x0000000780f00000| Untracked 
|  16|0x0000000781000000, 0x0000000781000000, 0x0000000781100000|  0%| F|  |TAMS 0x0000000781000000, 0x0000000781000000| Untracked 
|  17|0x0000000781100000, 0x0000000781100000, 0x0000000781200000|  0%| F|  |TAMS 0x0000000781100000, 0x0000000781100000| Untracked 
|  18|0x0000000781200000, 0x0000000781200000, 0x0000000781300000|  0%| F|  |TAMS 0x0000000781200000, 0x0000000781200000| Untracked 
|  19|0x0000000781300000, 0x0000000781300000, 0x0000000781400000|  0%| F|  |TAMS 0x0000000781300000, 0x0000000781300000| Untracked 
|  20|0x0000000781400000, 0x0000000781400000, 0x0000000781500000|  0%| F|  |TAMS 0x0000000781400000, 0x0000000781400000| Untracked 
|  21|0x0000000781500000, 0x0000000781500000, 0x0000000781600000|  0%| F|  |TAMS 0x0000000781500000, 0x0000000781500000| Untracked 
|  22|0x0000000781600000, 0x0000000781600000, 0x0000000781700000|  0%| F|  |TAMS 0x0000000781600000, 0x0000000781600000| Untracked 
|  23|0x0000000781700000, 0x0000000781700000, 0x0000000781800000|  0%| F|  |TAMS 0x0000000781700000, 0x0000000781700000| Untracked 
|  24|0x0000000781800000, 0x0000000781800000, 0x0000000781900000|  0%| F|  |TAMS 0x0000000781800000, 0x0000000781800000| Untracked 
|  25|0x0000000781900000, 0x0000000781900000, 0x0000000781a00000|  0%| F|  |TAMS 0x0000000781900000, 0x0000000781900000| Untracked 
|  26|0x0000000781a00000, 0x0000000781a00000, 0x0000000781b00000|  0%| F|  |TAMS 0x0000000781a00000, 0x0000000781a00000| Untracked 
|  27|0x0000000781b00000, 0x0000000781b00000, 0x0000000781c00000|  0%| F|  |TAMS 0x0000000781b00000, 0x0000000781b00000| Untracked 
|  28|0x0000000781c00000, 0x0000000781c00000, 0x0000000781d00000|  0%| F|  |TAMS 0x0000000781c00000, 0x0000000781c00000| Untracked 
|  29|0x0000000781d00000, 0x0000000781d00000, 0x0000000781e00000|  0%| F|  |TAMS 0x0000000781d00000, 0x0000000781d00000| Untracked 
|  30|0x0000000781e00000, 0x0000000781e00000, 0x0000000781f00000|  0%| F|  |TAMS 0x0000000781e00000, 0x0000000781e00000| Untracked 
|  31|0x0000000781f00000, 0x0000000781f00000, 0x0000000782000000|  0%| F|  |TAMS 0x0000000781f00000, 0x0000000781f00000| Untracked 
|  32|0x0000000782000000, 0x0000000782000000, 0x0000000782100000|  0%| F|  |TAMS 0x0000000782000000, 0x0000000782000000| Untracked 
|  33|0x0000000782100000, 0x0000000782100000, 0x0000000782200000|  0%| F|  |TAMS 0x0000000782100000, 0x0000000782100000| Untracked 
|  34|0x0000000782200000, 0x0000000782200000, 0x0000000782300000|  0%| F|  |TAMS 0x0000000782200000, 0x0000000782200000| Untracked 
|  35|0x0000000782300000, 0x0000000782300000, 0x0000000782400000|  0%| F|  |TAMS 0x0000000782300000, 0x0000000782300000| Untracked 
|  36|0x0000000782400000, 0x0000000782400000, 0x0000000782500000|  0%| F|  |TAMS 0x0000000782400000, 0x0000000782400000| Untracked 
|  37|0x0000000782500000, 0x0000000782500000, 0x0000000782600000|  0%| F|  |TAMS 0x0000000782500000, 0x0000000782500000| Untracked 
|  38|0x0000000782600000, 0x0000000782600000, 0x0000000782700000|  0%| F|  |TAMS 0x0000000782600000, 0x0000000782600000| Untracked 
|  39|0x0000000782700000, 0x0000000782700000, 0x0000000782800000|  0%| F|  |TAMS 0x0000000782700000, 0x0000000782700000| Untracked 
|  40|0x0000000782800000, 0x0000000782800000, 0x0000000782900000|  0%| F|  |TAMS 0x0000000782800000, 0x0000000782800000| Untracked 
|  41|0x0000000782900000, 0x0000000782900000, 0x0000000782a00000|  0%| F|  |TAMS 0x0000000782900000, 0x0000000782900000| Untracked 
|  42|0x0000000782a00000, 0x0000000782a00000, 0x0000000782b00000|  0%| F|  |TAMS 0x0000000782a00000, 0x0000000782a00000| Untracked 
|  43|0x0000000782b00000, 0x0000000782b00000, 0x0000000782c00000|  0%| F|  |TAMS 0x0000000782b00000, 0x0000000782b00000| Untracked 
|  44|0x0000000782c00000, 0x0000000782c00000, 0x0000000782d00000|  0%| F|  |TAMS 0x0000000782c00000, 0x0000000782c00000| Untracked 
|  45|0x0000000782d00000, 0x0000000782d00000, 0x0000000782e00000|  0%| F|  |TAMS 0x0000000782d00000, 0x0000000782d00000| Untracked 
|  46|0x0000000782e00000, 0x0000000782e00000, 0x0000000782f00000|  0%| F|  |TAMS 0x0000000782e00000, 0x0000000782e00000| Untracked 
|  47|0x0000000782f00000, 0x0000000782f00000, 0x0000000783000000|  0%| F|  |TAMS 0x0000000782f00000, 0x0000000782f00000| Untracked 
|  48|0x0000000783000000, 0x0000000783000000, 0x0000000783100000|  0%| F|  |TAMS 0x0000000783000000, 0x0000000783000000| Untracked 
|  49|0x0000000783100000, 0x0000000783100000, 0x0000000783200000|  0%| F|  |TAMS 0x0000000783100000, 0x0000000783100000| Untracked 
|  50|0x0000000783200000, 0x0000000783200000, 0x0000000783300000|  0%| F|  |TAMS 0x0000000783200000, 0x0000000783200000| Untracked 
|  51|0x0000000783300000, 0x0000000783300000, 0x0000000783400000|  0%| F|  |TAMS 0x0000000783300000, 0x0000000783300000| Untracked 
|  52|0x0000000783400000, 0x0000000783400000, 0x0000000783500000|  0%| F|  |TAMS 0x0000000783400000, 0x0000000783400000| Untracked 
|  53|0x0000000783500000, 0x0000000783500000, 0x0000000783600000|  0%| F|  |TAMS 0x0000000783500000, 0x0000000783500000| Untracked 
|  54|0x0000000783600000, 0x0000000783600000, 0x0000000783700000|  0%| F|  |TAMS 0x0000000783600000, 0x0000000783600000| Untracked 
|  55|0x0000000783700000, 0x0000000783700000, 0x0000000783800000|  0%| F|  |TAMS 0x0000000783700000, 0x0000000783700000| Untracked 
|  56|0x0000000783800000, 0x0000000783800000, 0x0000000783900000|  0%| F|  |TAMS 0x0000000783800000, 0x0000000783800000| Untracked 
|  57|0x0000000783900000, 0x0000000783900000, 0x0000000783a00000|  0%| F|  |TAMS 0x0000000783900000, 0x0000000783900000| Untracked 
|  58|0x0000000783a00000, 0x0000000783a00000, 0x0000000783b00000|  0%| F|  |TAMS 0x0000000783a00000, 0x0000000783a00000| Untracked 
|  59|0x0000000783b00000, 0x0000000783b00000, 0x0000000783c00000|  0%| F|  |TAMS 0x0000000783b00000, 0x0000000783b00000| Untracked 
|  60|0x0000000783c00000, 0x0000000783c00000, 0x0000000783d00000|  0%| F|  |TAMS 0x0000000783c00000, 0x0000000783c00000| Untracked 
|  61|0x0000000783d00000, 0x0000000783d00000, 0x0000000783e00000|  0%| F|  |TAMS 0x0000000783d00000, 0x0000000783d00000| Untracked 
|  62|0x0000000783e00000, 0x0000000783e00000, 0x0000000783f00000|  0%| F|  |TAMS 0x0000000783e00000, 0x0000000783e00000| Untracked 
|  63|0x0000000783f00000, 0x0000000783f00000, 0x0000000784000000|  0%| F|  |TAMS 0x0000000783f00000, 0x0000000783f00000| Untracked 
|  64|0x0000000784000000, 0x0000000784000000, 0x0000000784100000|  0%| F|  |TAMS 0x0000000784000000, 0x0000000784000000| Untracked 
|  65|0x0000000784100000, 0x0000000784100000, 0x0000000784200000|  0%| F|  |TAMS 0x0000000784100000, 0x0000000784100000| Untracked 
|  66|0x0000000784200000, 0x0000000784200000, 0x0000000784300000|  0%| F|  |TAMS 0x0000000784200000, 0x0000000784200000| Untracked 
|  67|0x0000000784300000, 0x0000000784300000, 0x0000000784400000|  0%| F|  |TAMS 0x0000000784300000, 0x0000000784300000| Untracked 
|  68|0x0000000784400000, 0x0000000784400000, 0x0000000784500000|  0%| F|  |TAMS 0x0000000784400000, 0x0000000784400000| Untracked 
|  69|0x0000000784500000, 0x0000000784500000, 0x0000000784600000|  0%| F|  |TAMS 0x0000000784500000, 0x0000000784500000| Untracked 
|  70|0x0000000784600000, 0x0000000784600000, 0x0000000784700000|  0%| F|  |TAMS 0x0000000784600000, 0x0000000784600000| Untracked 
|  71|0x0000000784700000, 0x0000000784700000, 0x0000000784800000|  0%| F|  |TAMS 0x0000000784700000, 0x0000000784700000| Untracked 
|  72|0x0000000784800000, 0x0000000784800000, 0x0000000784900000|  0%| F|  |TAMS 0x0000000784800000, 0x0000000784800000| Untracked 
|  73|0x0000000784900000, 0x0000000784900000, 0x0000000784a00000|  0%| F|  |TAMS 0x0000000784900000, 0x0000000784900000| Untracked 
|  74|0x0000000784a00000, 0x0000000784a00000, 0x0000000784b00000|  0%| F|  |TAMS 0x0000000784a00000, 0x0000000784a00000| Untracked 
|  75|0x0000000784b00000, 0x0000000784b00000, 0x0000000784c00000|  0%| F|  |TAMS 0x0000000784b00000, 0x0000000784b00000| Untracked 
|  76|0x0000000784c00000, 0x0000000784c00000, 0x0000000784d00000|  0%| F|  |TAMS 0x0000000784c00000, 0x0000000784c00000| Untracked 
|  77|0x0000000784d00000, 0x0000000784d00000, 0x0000000784e00000|  0%| F|  |TAMS 0x0000000784d00000, 0x0000000784d00000| Untracked 
|  78|0x0000000784e00000, 0x0000000784e00000, 0x0000000784f00000|  0%| F|  |TAMS 0x0000000784e00000, 0x0000000784e00000| Untracked 
|  79|0x0000000784f00000, 0x0000000784f00000, 0x0000000785000000|  0%| F|  |TAMS 0x0000000784f00000, 0x0000000784f00000| Untracked 
|  80|0x0000000785000000, 0x0000000785000000, 0x0000000785100000|  0%| F|  |TAMS 0x0000000785000000, 0x0000000785000000| Untracked 
|  81|0x0000000785100000, 0x0000000785100000, 0x0000000785200000|  0%| F|  |TAMS 0x0000000785100000, 0x0000000785100000| Untracked 
|  82|0x0000000785200000, 0x0000000785200000, 0x0000000785300000|  0%| F|  |TAMS 0x0000000785200000, 0x0000000785200000| Untracked 
|  83|0x0000000785300000, 0x0000000785300000, 0x0000000785400000|  0%| F|  |TAMS 0x0000000785300000, 0x0000000785300000| Untracked 
|  84|0x0000000785400000, 0x0000000785400000, 0x0000000785500000|  0%| F|  |TAMS 0x0000000785400000, 0x0000000785400000| Untracked 
|  85|0x0000000785500000, 0x0000000785500000, 0x0000000785600000|  0%| F|  |TAMS 0x0000000785500000, 0x0000000785500000| Untracked 
|  86|0x0000000785600000, 0x0000000785600000, 0x0000000785700000|  0%| F|  |TAMS 0x0000000785600000, 0x0000000785600000| Untracked 
|  87|0x0000000785700000, 0x0000000785700000, 0x0000000785800000|  0%| F|  |TAMS 0x0000000785700000, 0x0000000785700000| Untracked 
|  88|0x0000000785800000, 0x0000000785800000, 0x0000000785900000|  0%| F|  |TAMS 0x0000000785800000, 0x0000000785800000| Untracked 
|  89|0x0000000785900000, 0x0000000785900000, 0x0000000785a00000|  0%| F|  |TAMS 0x0000000785900000, 0x0000000785900000| Untracked 
|  90|0x0000000785a00000, 0x0000000785a00000, 0x0000000785b00000|  0%| F|  |TAMS 0x0000000785a00000, 0x0000000785a00000| Untracked 
|  91|0x0000000785b00000, 0x0000000785b00000, 0x0000000785c00000|  0%| F|  |TAMS 0x0000000785b00000, 0x0000000785b00000| Untracked 
|  92|0x0000000785c00000, 0x0000000785c00000, 0x0000000785d00000|  0%| F|  |TAMS 0x0000000785c00000, 0x0000000785c00000| Untracked 
|  93|0x0000000785d00000, 0x0000000785d00000, 0x0000000785e00000|  0%| F|  |TAMS 0x0000000785d00000, 0x0000000785d00000| Untracked 
|  94|0x0000000785e00000, 0x0000000785e00000, 0x0000000785f00000|  0%| F|  |TAMS 0x0000000785e00000, 0x0000000785e00000| Untracked 
|  95|0x0000000785f00000, 0x0000000785f00000, 0x0000000786000000|  0%| F|  |TAMS 0x0000000785f00000, 0x0000000785f00000| Untracked 
|  96|0x0000000786000000, 0x0000000786000000, 0x0000000786100000|  0%| F|  |TAMS 0x0000000786000000, 0x0000000786000000| Untracked 
|  97|0x0000000786100000, 0x0000000786100000, 0x0000000786200000|  0%| F|  |TAMS 0x0000000786100000, 0x0000000786100000| Untracked 
|  98|0x0000000786200000, 0x0000000786200000, 0x0000000786300000|  0%| F|  |TAMS 0x0000000786200000, 0x0000000786200000| Untracked 
|  99|0x0000000786300000, 0x0000000786300000, 0x0000000786400000|  0%| F|  |TAMS 0x0000000786300000, 0x0000000786300000| Untracked 
| 100|0x0000000786400000, 0x0000000786400000, 0x0000000786500000|  0%| F|  |TAMS 0x0000000786400000, 0x0000000786400000| Untracked 
| 101|0x0000000786500000, 0x0000000786500000, 0x0000000786600000|  0%| F|  |TAMS 0x0000000786500000, 0x0000000786500000| Untracked 
| 102|0x0000000786600000, 0x0000000786600000, 0x0000000786700000|  0%| F|  |TAMS 0x0000000786600000, 0x0000000786600000| Untracked 
| 103|0x0000000786700000, 0x0000000786700000, 0x0000000786800000|  0%| F|  |TAMS 0x0000000786700000, 0x0000000786700000| Untracked 
| 104|0x0000000786800000, 0x0000000786800000, 0x0000000786900000|  0%| F|  |TAMS 0x0000000786800000, 0x0000000786800000| Untracked 
| 105|0x0000000786900000, 0x0000000786900000, 0x0000000786a00000|  0%| F|  |TAMS 0x0000000786900000, 0x0000000786900000| Untracked 
| 106|0x0000000786a00000, 0x0000000786a00000, 0x0000000786b00000|  0%| F|  |TAMS 0x0000000786a00000, 0x0000000786a00000| Untracked 
| 107|0x0000000786b00000, 0x0000000786b00000, 0x0000000786c00000|  0%| F|  |TAMS 0x0000000786b00000, 0x0000000786b00000| Untracked 
| 108|0x0000000786c00000, 0x0000000786c00000, 0x0000000786d00000|  0%| F|  |TAMS 0x0000000786c00000, 0x0000000786c00000| Untracked 
| 109|0x0000000786d00000, 0x0000000786d00000, 0x0000000786e00000|  0%| F|  |TAMS 0x0000000786d00000, 0x0000000786d00000| Untracked 
| 110|0x0000000786e00000, 0x0000000786e00000, 0x0000000786f00000|  0%| F|  |TAMS 0x0000000786e00000, 0x0000000786e00000| Untracked 
| 111|0x0000000786f00000, 0x0000000786f00000, 0x0000000787000000|  0%| F|  |TAMS 0x0000000786f00000, 0x0000000786f00000| Untracked 
| 112|0x0000000787000000, 0x0000000787000000, 0x0000000787100000|  0%| F|  |TAMS 0x0000000787000000, 0x0000000787000000| Untracked 
| 113|0x0000000787100000, 0x0000000787100000, 0x0000000787200000|  0%| F|  |TAMS 0x0000000787100000, 0x0000000787100000| Untracked 
| 114|0x0000000787200000, 0x0000000787200000, 0x0000000787300000|  0%| F|  |TAMS 0x0000000787200000, 0x0000000787200000| Untracked 
| 115|0x0000000787300000, 0x0000000787300000, 0x0000000787400000|  0%| F|  |TAMS 0x0000000787300000, 0x0000000787300000| Untracked 
| 116|0x0000000787400000, 0x0000000787400000, 0x0000000787500000|  0%| F|  |TAMS 0x0000000787400000, 0x0000000787400000| Untracked 
| 117|0x0000000787500000, 0x0000000787500000, 0x0000000787600000|  0%| F|  |TAMS 0x0000000787500000, 0x0000000787500000| Untracked 
| 118|0x0000000787600000, 0x0000000787600000, 0x0000000787700000|  0%| F|  |TAMS 0x0000000787600000, 0x0000000787600000| Untracked 
| 119|0x0000000787700000, 0x0000000787800000, 0x0000000787800000|100%| E|  |TAMS 0x0000000787700000, 0x0000000787700000| Complete 
| 120|0x0000000787800000, 0x0000000787900000, 0x0000000787900000|100%| E|  |TAMS 0x0000000787800000, 0x0000000787800000| Complete 
| 121|0x0000000787900000, 0x0000000787a00000, 0x0000000787a00000|100%| E|CS|TAMS 0x0000000787900000, 0x0000000787900000| Complete 
| 122|0x0000000787a00000, 0x0000000787b00000, 0x0000000787b00000|100%| E|CS|TAMS 0x0000000787a00000, 0x0000000787a00000| Complete 
| 123|0x0000000787b00000, 0x0000000787c00000, 0x0000000787c00000|100%| E|CS|TAMS 0x0000000787b00000, 0x0000000787b00000| Complete 
| 124|0x0000000787c00000, 0x0000000787d00000, 0x0000000787d00000|100%| E|CS|TAMS 0x0000000787c00000, 0x0000000787c00000| Complete 
| 125|0x0000000787d00000, 0x0000000787e00000, 0x0000000787e00000|100%| E|CS|TAMS 0x0000000787d00000, 0x0000000787d00000| Complete 
| 126|0x0000000787e00000, 0x0000000787f00000, 0x0000000787f00000|100%| E|CS|TAMS 0x0000000787e00000, 0x0000000787e00000| Complete 
| 127|0x0000000787f00000, 0x0000000788000000, 0x0000000788000000|100%| E|CS|TAMS 0x0000000787f00000, 0x0000000787f00000| Complete 
|2046|0x00000007ffe00000, 0x00000007ffe75000, 0x00000007fff00000| 45%|OA|  |TAMS 0x00000007ffe00000, 0x00000007ffe00000| Untracked 
|2047|0x00000007fff00000, 0x00000007fff7f000, 0x0000000800000000| 49%|CA|  |TAMS 0x00000007fff00000, 0x00000007fff00000| Untracked 

Card table byte_map: [0x0000000107846000,0x0000000107c46000] _byte_map_base: 0x0000000103c46000

Marking Bits (Prev, Next): (CMBitMap*) 0x00007fa654808210, (CMBitMap*) 0x00007fa654808250
 Prev Bits: [0x000000011f2e9000, 0x00000001212e9000)
 Next Bits: [0x00000001212e9000, 0x00000001232e9000)

Polling page: 0x00000001058b2000

Metaspace:

Usage:
  Non-class:      3.84 MB used.
      Class:    207.48 KB used.
       Both:      4.04 MB used.

Virtual space:
  Non-class space:        8.00 MB reserved,       3.94 MB ( 49%) committed,  1 nodes.
      Class space:        1.00 GB reserved,     320.00 KB ( <1%) committed,  1 nodes.
             Both:        1.01 GB reserved,       4.25 MB ( <1%) committed. 

Chunk freelists:
   Non-Class:  1.22 MB
       Class:  3.61 MB
        Both:  4.83 MB

MaxMetaspaceSize: unlimited
CompressedClassSpaceSize: 1.00 GB
Initial GC threshold: 21.00 MB
Current GC threshold: 21.00 MB
CDS: on
MetaspaceReclaimPolicy: balanced
 - commit_granule_bytes: 65536.
 - commit_granule_words: 8192.
 - virtual_space_node_default_size: 1048576.
 - enlarge_chunks_in_place: 1.
 - new_chunks_are_fully_committed: 0.
 - uncommit_free_chunks: 1.
 - use_allocation_guard: 0.
 - handle_deallocations: 1.


Internal statistics:

num_allocs_failed_limit: 0.
num_arena_births: 68.
num_arena_deaths: 0.
num_vsnodes_births: 2.
num_vsnodes_deaths: 0.
num_space_committed: 66.
num_space_uncommitted: 0.
num_chunks_returned_to_freelist: 0.
num_chunks_taken_from_freelist: 183.
num_chunk_merges: 0.
num_chunk_splits: 123.
num_chunks_enlarged: 96.
num_purges: 0.
num_inconsistent_stats: 0.

CodeHeap 'non-profiled nmethods': size=120032Kb used=161Kb max_used=161Kb free=119870Kb
 bounds [0x0000000117db1000, 0x0000000118021000, 0x000000011f2e9000]
CodeHeap 'profiled nmethods': size=120028Kb used=922Kb max_used=922Kb free=119105Kb
 bounds [0x000000011087a000, 0x0000000110aea000, 0x0000000117db1000]
CodeHeap 'non-nmethods': size=5700Kb used=1565Kb max_used=1565Kb free=4135Kb
 bounds [0x00000001102e9000, 0x0000000110559000, 0x000000011087a000]
 total_blobs=1535 nmethods=548 adapters=901
 compilation: enabled
              stopped_count=0, restarted_count=0
 full_count=0

Compilation events (20 events):
Event: 0.884 Thread 0x00007fa65481ac00  539       3       sun.invoke.util.VerifyAccess::isSamePackage (37 bytes)
Event: 0.885 Thread 0x00007fa65481ac00 nmethod 539 0x000000011095a810 code [0x000000011095ab40, 0x000000011095c0f0]
Event: 0.885 Thread 0x00007fa65481ac00  540   !   3       java.lang.invoke.MemberName$Factory::resolve (159 bytes)
Event: 0.886 Thread 0x00007fa65481ac00 nmethod 540 0x000000011095c710 code [0x000000011095c940, 0x000000011095d040]
Event: 0.886 Thread 0x00007fa65481ac00  541       3       java.lang.String::rangeCheck (9 bytes)
Event: 0.886 Thread 0x00007fa65481ac00 nmethod 541 0x000000011095d390 code [0x000000011095d540, 0x000000011095d660]
Event: 0.887 Thread 0x00007fa65481ac00  542       1       java.util.zip.ZipEntry::getSize (5 bytes)
Event: 0.887 Thread 0x00007fa65481ac00 nmethod 542 0x0000000117dd8f10 code [0x0000000117dd90a0, 0x0000000117dd9170]
Event: 0.887 Thread 0x00007fa65481ac00  543       3       sun.net.util.URLUtil::urlNoFragString (114 bytes)
Event: 0.888 Thread 0x00007fa65481ac00 nmethod 543 0x000000011095d710 code [0x000000011095da40, 0x000000011095ea60]
Event: 0.891 Thread 0x00007fa65481ac00  544       3       java.lang.ref.Cleaner::register (25 bytes)
Event: 0.891 Thread 0x00007fa65481ac00 nmethod 544 0x000000011095f010 code [0x000000011095f200, 0x000000011095f760]
Event: 0.891 Thread 0x00007fa65481ac00  545       3       jdk.internal.ref.CleanerImpl$PhantomCleanableRef::<init> (12 bytes)
Event: 0.891 Thread 0x00007fa65481ac00 nmethod 545 0x000000011095f990 code [0x000000011095fb40, 0x000000011095fce0]
Event: 0.894 Thread 0x00007fa65481ac00  546       3       sun.net.www.ParseUtil::encodePath (41 bytes)
Event: 0.895 Thread 0x00007fa65481ac00 nmethod 546 0x000000011095fd90 code [0x000000011095ff60, 0x0000000110960170]
Event: 0.896 Thread 0x00007fa65481ac00  547       3       java.io.RandomAccessFile::readFully (45 bytes)
Event: 0.897 Thread 0x00007fa65481ac00 nmethod 547 0x0000000110960210 code [0x00000001109603e0, 0x0000000110960750]
Event: 0.930 Thread 0x00007fa65481ac00  548       1       java.lang.reflect.Method::getName (5 bytes)
Event: 0.930 Thread 0x00007fa65481ac00 nmethod 548 0x0000000117dd9210 code [0x0000000117dd93a0, 0x0000000117dd9470]

GC Heap History (0 events):
No events

Deoptimization events (14 events):
Event: 0.301 Thread 0x00007fa65280f000 DEOPT PACKING pc=0x000000011088c7da sp=0x00007ffeea38ed60
Event: 0.301 Thread 0x00007fa65280f000 DEOPT UNPACKING pc=0x000000011033b82f sp=0x00007ffeea38e1a0 mode 0
Event: 0.320 Thread 0x00007fa65280f000 DEOPT PACKING pc=0x000000011087c34e sp=0x00007ffeea3927b0
Event: 0.320 Thread 0x00007fa65280f000 DEOPT UNPACKING pc=0x000000011033b82f sp=0x00007ffeea391c48 mode 0
Event: 0.710 Thread 0x00007fa65280f000 DEOPT PACKING pc=0x000000011088226e sp=0x00007ffeea392f80
Event: 0.710 Thread 0x00007fa65280f000 DEOPT UNPACKING pc=0x000000011033b82f sp=0x00007ffeea3923f0 mode 0
Event: 0.848 Thread 0x00007fa65280f000 Uncommon trap: trap_request=0xffffff45 fr.pc=0x0000000117db82fc relative=0x000000000000005c
Event: 0.848 Thread 0x00007fa65280f000 Uncommon trap: reason=unstable_if action=reinterpret pc=0x0000000117db82fc method=java.lang.String.isLatin1()Z @ 10 c2
Event: 0.848 Thread 0x00007fa65280f000 DEOPT PACKING pc=0x0000000117db82fc sp=0x00007ffeea3931a0
Event: 0.848 Thread 0x00007fa65280f000 DEOPT UNPACKING pc=0x000000011033b099 sp=0x00007ffeea393150 mode 2
Event: 0.850 Thread 0x00007fa65280f000 Uncommon trap: trap_request=0xffffff45 fr.pc=0x0000000117dd7c70 relative=0x00000000000003d0
Event: 0.850 Thread 0x00007fa65280f000 Uncommon trap: reason=unstable_if action=reinterpret pc=0x0000000117dd7c70 method=java.lang.StringLatin1.newString([BII)Ljava/lang/String; @ 1 c2
Event: 0.850 Thread 0x00007fa65280f000 DEOPT PACKING pc=0x0000000117dd7c70 sp=0x00007ffeea393260
Event: 0.850 Thread 0x00007fa65280f000 DEOPT UNPACKING pc=0x000000011033b099 sp=0x00007ffeea393240 mode 2

Classes unloaded (0 events):
No events

Classes redefined (0 events):
No events

Internal exceptions (18 events):
Event: 0.198 Thread 0x00007fa65280f000 Exception <a 'java/lang/NoSuchMethodError'{0x0000000787d300e0}: 'java.lang.Object java.lang.invoke.DirectMethodHandle$Holder.invokeStaticInit(java.lang.Object)'> (0x0000000787d300e0) 
thrown [open/src/hotspot/share/interpreter/linkResolver.cpp, line 766]
Event: 0.220 Thread 0x00007fa65280f000 Exception <a 'java/lang/NoSuchMethodError'{0x0000000787d83598}: 'void java.lang.invoke.DirectMethodHandle$Holder.invokeStatic(java.lang.Object, java.lang.Object)'> (0x0000000787d83598) 
thrown [open/src/hotspot/share/interpreter/linkResolver.cpp, line 766]
Event: 0.221 Thread 0x00007fa65280f000 Exception <a 'java/lang/NoSuchMethodError'{0x0000000787d888a8}: 'void java.lang.invoke.DirectMethodHandle$Holder.invokeSpecial(java.lang.Object, java.lang.Object, java.lang.Object)'> (0x0000000787d888a8) 
thrown [open/src/hotspot/share/interpreter/linkResolver.cpp, line 766]
Event: 0.224 Thread 0x00007fa65280f000 Exception <a 'java/lang/NoSuchMethodError'{0x0000000787d96ab0}: 'java.lang.Object java.lang.invoke.DirectMethodHandle$Holder.invokeStatic(java.lang.Object, java.lang.Object, int)'> (0x0000000787d96ab0) 
thrown [open/src/hotspot/share/interpreter/linkResolver.cpp, line 766]
Event: 0.226 Thread 0x00007fa65280f000 Exception <a 'java/lang/NoSuchMethodError'{0x0000000787da2768}: 'void java.lang.invoke.DelegatingMethodHandle$Holder.delegate(java.lang.Object, java.lang.Object, int, java.lang.Object)'> (0x0000000787da2768) 
thrown [open/src/hotspot/share/interpreter/linkResolver.cpp, line 766]
Event: 0.227 Thread 0x00007fa65280f000 Exception <a 'java/lang/NoSuchMethodError'{0x0000000787da6978}: 'int java.lang.invoke.DirectMethodHandle$Holder.invokeSpecial(java.lang.Object, java.lang.Object, java.lang.Object)'> (0x0000000787da6978) 
thrown [open/src/hotspot/share/interpreter/linkResolver.cpp, line 766]
Event: 0.284 Thread 0x00007fa65280f000 Exception <a 'sun/nio/fs/UnixException'{0x0000000787c22808}> (0x0000000787c22808) 
thrown [open/src/hotspot/share/prims/jni.cpp, line 516]
Event: 0.304 Thread 0x00007fa65280f000 Exception <a 'java/lang/NoSuchMethodError'{0x0000000787c60aa0}: 'int java.lang.invoke.DirectMethodHandle$Holder.invokeStaticInit(java.lang.Object, java.lang.Object, int, long)'> (0x0000000787c60aa0) 
thrown [open/src/hotspot/share/interpreter/linkResolver.cpp, line 766]
Event: 0.305 Thread 0x00007fa65280f000 Exception <a 'java/lang/NoSuchMethodError'{0x0000000787c66368}: 'java.lang.Object java.lang.invoke.DirectMethodHandle$Holder.newInvokeSpecial(java.lang.Object, java.lang.Object, int)'> (0x0000000787c66368) 
thrown [open/src/hotspot/share/interpreter/linkResolver.cpp, line 766]
Event: 0.309 Thread 0x00007fa65280f000 Exception <a 'java/lang/NoSuchMethodError'{0x0000000787c76f58}: 'int java.lang.invoke.DirectMethodHandle$Holder.invokeStaticInit(java.lang.Object, java.lang.Object, long, long)'> (0x0000000787c76f58) 
thrown [open/src/hotspot/share/interpreter/linkResolver.cpp, line 766]
Event: 0.310 Thread 0x00007fa65280f000 Exception <a 'java/lang/NoSuchMethodError'{0x0000000787c7d068}: 'java.lang.Object java.lang.invoke.DirectMethodHandle$Holder.newInvokeSpecial(java.lang.Object, java.lang.Object, long)'> (0x0000000787c7d068) 
thrown [open/src/hotspot/share/interpreter/linkResolver.cpp, line 766]
Event: 0.311 Thread 0x00007fa65280f000 Exception <a 'java/lang/NoSuchMethodError'{0x0000000787c810b0}: 'java.lang.Object java.lang.invoke.Invokers$Holder.linkToTargetMethod(java.lang.Object, long, java.lang.Object)'> (0x0000000787c810b0) 
thrown [open/src/hotspot/share/interpreter/linkResolver.cpp, line 766]
Event: 0.315 Thread 0x00007fa65280f000 Exception <a 'java/lang/NoSuchMethodError'{0x0000000787c887c8}: 'int java.lang.invoke.DirectMethodHandle$Holder.invokeStaticInit(java.lang.Object, java.lang.Object, java.lang.Object, long)'> (0x0000000787c887c8) 
thrown [open/src/hotspot/share/interpreter/linkResolver.cpp, line 766]
Event: 0.359 Thread 0x00007fa65280f000 Exception <a 'sun/nio/fs/UnixException'{0x0000000787b57fb0}> (0x0000000787b57fb0) 
thrown [open/src/hotspot/share/prims/jni.cpp, line 516]
Event: 0.395 Thread 0x00007fa65280f000 Exception <a 'sun/nio/fs/UnixException'{0x0000000787bde318}> (0x0000000787bde318) 
thrown [open/src/hotspot/share/prims/jni.cpp, line 516]
Event: 0.686 Thread 0x00007fa65280f000 Exception <a 'java/lang/NoSuchMethodError'{0x0000000787bfcaa0}: 'void java.lang.invoke.DirectMethodHandle$Holder.invokeStaticInit(java.lang.Object, long, int, int, int, int)'> (0x0000000787bfcaa0) 
thrown [open/src/hotspot/share/interpreter/linkResolver.cpp, line 766]
Event: 0.704 Thread 0x00007fa65280f000 Exception <a 'sun/nio/fs/UnixException'{0x0000000787a35ea0}> (0x0000000787a35ea0) 
thrown [open/src/hotspot/share/prims/jni.cpp, line 516]
Event: 0.863 Thread 0x00007fa65280f000 Exception <a 'java/lang/ExceptionInInitializerError'{0x0000000787864bc8}> (0x0000000787864bc8) 
thrown [open/src/hotspot/share/oops/instanceKlass.cpp, line 1168]

VM Operations (4 events):
Event: 0.201 Executing VM operation: HandshakeAllThreads
Event: 0.201 Executing VM operation: HandshakeAllThreads done
Event: 0.270 Executing VM operation: HandshakeAllThreads
Event: 0.270 Executing VM operation: HandshakeAllThreads done

Events (20 events):
Event: 0.789 loading class java/io/Externalizable done
Event: 0.794 Loaded shared library /Users/iachaudray/Library/Java/JavaVirtualMachines/openjdk-17/Contents/Home/lib/libverify.dylib
Event: 0.836 loading class jdk/internal/module/ModulePatcher$PatchedModuleReader
Event: 0.836 loading class jdk/internal/module/ModulePatcher$PatchedModuleReader done
Event: 0.836 loading class jdk/internal/misc/ScopedMemoryAccess$Scope
Event: 0.836 loading class jdk/internal/misc/ScopedMemoryAccess$Scope done
Event: 0.836 loading class sun/net/www/protocol/jrt/Handler
Event: 0.836 loading class sun/net/www/protocol/jrt/Handler done
Event: 0.843 loading class sun/text/resources/cldr/FormatData_en
Event: 0.843 loading class sun/text/resources/cldr/FormatData_en done
Event: 0.843 loading class sun/text/resources/cldr/FormatData_en_US
Event: 0.843 loading class sun/text/resources/cldr/FormatData_en_US done
Event: 0.858 loading class java/lang/SecurityException
Event: 0.859 loading class java/lang/SecurityException done
Event: 0.862 loading class java/lang/ExceptionInInitializerError
Event: 0.863 loading class java/lang/ExceptionInInitializerError done
Event: 0.867 loading class java/lang/AssertionError
Event: 0.868 loading class java/lang/AssertionError done
Event: 0.930 loading class java/lang/NumberFormatException
Event: 0.930 loading class java/lang/NumberFormatException done


Dynamic libraries:
0x00007fff6bd5e000 	/usr/lib/libz.1.dylib
0x000000010587d000 	/Users/iachaudray/Library/Java/JavaVirtualMachines/openjdk-17/Contents/Home/lib/libjli.dylib
0x00007fff319f3000 	/System/Library/Frameworks/Cocoa.framework/Versions/A/Cocoa
0x00007fff3f209000 	/System/Library/Frameworks/Security.framework/Versions/A/Security
0x00007fff30959000 	/System/Library/Frameworks/ApplicationServices.framework/Versions/A/ApplicationServices
0x00007fff69822000 	/usr/lib/libSystem.B.dylib
0x00007fff6c61f000 	/usr/lib/system/libcache.dylib
0x00007fff6c625000 	/usr/lib/system/libcommonCrypto.dylib
0x00007fff6c631000 	/usr/lib/system/libcompiler_rt.dylib
0x00007fff6c639000 	/usr/lib/system/libcopyfile.dylib
0x00007fff6c643000 	/usr/lib/system/libcorecrypto.dylib
0x00007fff6c7e2000 	/usr/lib/system/libdispatch.dylib
0x00007fff6c823000 	/usr/lib/system/libdyld.dylib
0x00007fff6c85a000 	/usr/lib/system/libkeymgr.dylib
0x00007fff6c868000 	/usr/lib/system/liblaunch.dylib
0x00007fff6c869000 	/usr/lib/system/libmacho.dylib
0x00007fff6c86f000 	/usr/lib/system/libquarantine.dylib
0x00007fff6c872000 	/usr/lib/system/libremovefile.dylib
0x00007fff6c874000 	/usr/lib/system/libsystem_asl.dylib
0x00007fff6c88c000 	/usr/lib/system/libsystem_blocks.dylib
0x00007fff6c88d000 	/usr/lib/system/libsystem_c.dylib
0x00007fff6c915000 	/usr/lib/system/libsystem_configuration.dylib
0x00007fff6c919000 	/usr/lib/system/libsystem_coreservices.dylib
0x00007fff6c91d000 	/usr/lib/system/libsystem_darwin.dylib
0x00007fff6c926000 	/usr/lib/system/libsystem_dnssd.dylib
0x00007fff6c92e000 	/usr/lib/system/libsystem_featureflags.dylib
0x00007fff6c930000 	/usr/lib/system/libsystem_info.dylib
0x00007fff6c9ab000 	/usr/lib/system/libsystem_m.dylib
0x00007fff6c9f3000 	/usr/lib/system/libsystem_malloc.dylib
0x00007fff6ca1b000 	/usr/lib/system/libsystem_networkextension.dylib
0x00007fff6ca29000 	/usr/lib/system/libsystem_notify.dylib
0x00007fff6ca47000 	/usr/lib/system/libsystem_sandbox.dylib
0x00007fff6ca4c000 	/usr/lib/system/libsystem_secinit.dylib
0x00007fff6c97e000 	/usr/lib/system/libsystem_kernel.dylib
0x00007fff6ca33000 	/usr/lib/system/libsystem_platform.dylib
0x00007fff6ca3c000 	/usr/lib/system/libsystem_pthread.dylib
0x00007fff6ca4f000 	/usr/lib/system/libsystem_symptoms.dylib
0x00007fff6ca57000 	/usr/lib/system/libsystem_trace.dylib
0x00007fff6ca6f000 	/usr/lib/system/libunwind.dylib
0x00007fff6ca75000 	/usr/lib/system/libxpc.dylib
0x00007fff6b682000 	/usr/lib/libobjc.A.dylib
0x00007fff69b5b000 	/usr/lib/libc++abi.dylib
0x00007fff69b08000 	/usr/lib/libc++.1.dylib
0x00007fff32895000 	/System/Library/Frameworks/CoreFoundation.framework/Versions/A/CoreFoundation
0x00007fff34f53000 	/System/Library/Frameworks/Foundation.framework/Versions/C/Foundation
0x00007fff2fb49000 	/System/Library/Frameworks/AppKit.framework/Versions/C/AppKit
0x00007fff32377000 	/System/Library/Frameworks/CoreData.framework/Versions/A/CoreData
0x00007fff63811000 	/System/Library/PrivateFrameworks/UIFoundation.framework/Versions/A/UIFoundation
0x00007fff5e8a5000 	/System/Library/PrivateFrameworks/RemoteViewServices.framework/Versions/A/RemoteViewServices
0x00007fff66392000 	/System/Library/PrivateFrameworks/XCTTargetBootstrap.framework/Versions/A/XCTTargetBootstrap
0x00007fff32762000 	/System/Library/Frameworks/CoreDisplay.framework/Versions/A/CoreDisplay
0x00007fff37e0e000 	/System/Library/Frameworks/Metal.framework/Versions/A/Metal
0x00007fff4c8a2000 	/System/Library/PrivateFrameworks/DesktopServicesPriv.framework/Versions/A/DesktopServicesPriv
0x00007fff6a95d000 	/usr/lib/liblangid.dylib
0x00007fff4bb37000 	/System/Library/PrivateFrameworks/CoreSVG.framework/Versions/A/CoreSVG
0x00007fff61a01000 	/System/Library/PrivateFrameworks/SkyLight.framework/Versions/A/SkyLight
0x00007fff32d17000 	/System/Library/Frameworks/CoreGraphics.framework/Versions/A/CoreGraphics
0x00007fff2e51d000 	/System/Library/Frameworks/Accelerate.framework/Versions/A/Accelerate
0x00007fff6bc4f000 	/usr/lib/libxml2.2.dylib
0x00007fff5782e000 	/System/Library/PrivateFrameworks/IconServices.framework/Versions/A/IconServices
0x00007fff35732000 	/System/Library/Frameworks/IOSurface.framework/Versions/A/IOSurface
0x00007fff6934c000 	/usr/lib/libDiagnosticMessagesClient.dylib
0x00007fff4c6fc000 	/System/Library/PrivateFrameworks/DFRFoundation.framework/Versions/A/DFRFoundation
0x00007fff6a6ec000 	/usr/lib/libicucore.A.dylib
0x00007fff30c8b000 	/System/Library/Frameworks/AudioToolbox.framework/Versions/A/AudioToolbox
0x00007fff30d6e000 	/System/Library/Frameworks/AudioUnit.framework/Versions/A/AudioUnit
0x00007fff69a24000 	/usr/lib/libauto.dylib
0x00007fff4c79e000 	/System/Library/PrivateFrameworks/DataDetectorsCore.framework/Versions/A/DataDetectorsCore
0x00007fff31514000 	/System/Library/Frameworks/Carbon.framework/Versions/A/Frameworks/HIToolbox.framework/Versions/A/HIToolbox
0x00007fff3e403000 	/System/Library/Frameworks/QuartzCore.framework/Versions/A/QuartzCore
0x00007fff31853000 	/System/Library/Frameworks/Carbon.framework/Versions/A/Frameworks/SpeechRecognition.framework/Versions/A/SpeechRecognition
0x00007fff4c210000 	/System/Library/PrivateFrameworks/CoreUI.framework/Versions/A/CoreUI
0x00007fff31de2000 	/System/Library/Frameworks/CoreAudio.framework/Versions/A/CoreAudio
0x00007fff34c12000 	/System/Library/Frameworks/DiskArbitration.framework/Versions/A/DiskArbitration
0x00007fff5987e000 	/System/Library/PrivateFrameworks/MultitouchSupport.framework/Versions/A/MultitouchSupport
0x00007fff6a5b3000 	/usr/lib/libenergytrace.dylib
0x00007fff3568c000 	/System/Library/Frameworks/IOKit.framework/Versions/A/IOKit
0x00007fff33c7e000 	/System/Library/Frameworks/CoreServices.framework/Versions/A/CoreServices
0x00007fff5ba38000 	/System/Library/PrivateFrameworks/PerformanceAnalysis.framework/Versions/A/PerformanceAnalysis
0x00007fff3d436000 	/System/Library/Frameworks/OpenGL.framework/Versions/A/OpenGL
0x00007fff31a01000 	/System/Library/Frameworks/ColorSync.framework/Versions/A/ColorSync
0x00007fff3339a000 	/System/Library/Frameworks/CoreImage.framework/Versions/A/CoreImage
0x00007fff346f1000 	/System/Library/Frameworks/CoreText.framework/Versions/A/CoreText
0x00007fff357c2000 	/System/Library/Frameworks/ImageIO.framework/Versions/A/ImageIO
0x00007fff69b84000 	/usr/lib/libcompression.dylib
0x00007fff69690000 	/usr/lib/libMobileGestalt.dylib
0x00007fff6357b000 	/System/Library/PrivateFrameworks/TextureIO.framework/Versions/A/TextureIO
0x00007fff69987000 	/usr/lib/libate.dylib
0x00007fff57a37000 	/System/Library/PrivateFrameworks/InternationalSupport.framework/Versions/A/InternationalSupport
0x00007fff6a95f000 	/usr/lib/liblzma.5.dylib
0x00007fff6a5da000 	/usr/lib/libfakelink.dylib
0x00007fff69914000 	/usr/lib/libarchive.2.dylib
0x00007fff402bc000 	/System/Library/Frameworks/SystemConfiguration.framework/Versions/A/SystemConfiguration
0x00007fff6927f000 	/usr/lib/libCRFSuite.dylib
0x00007fff31105000 	/System/Library/Frameworks/CFNetwork.framework/Versions/A/CFNetwork
0x00007fff69aea000 	/usr/lib/libbsm.0.dylib
0x00007fff6c85b000 	/usr/lib/system/libkxld.dylib
0x00007fff46076000 	/System/Library/PrivateFrameworks/AppleFSCompression.framework/Versions/A/AppleFSCompression
0x00007fff69e75000 	/usr/lib/libcoretls.dylib
0x00007fff69e8c000 	/usr/lib/libcoretls_cfhelpers.dylib
0x00007fff6b6c8000 	/usr/lib/libpam.2.dylib
0x00007fff6b7fd000 	/usr/lib/libsqlite3.dylib
0x00007fff6bc3c000 	/usr/lib/libxar.1.dylib
0x00007fff69afb000 	/usr/lib/libbz2.1.0.dylib
0x00007fff6a5fb000 	/usr/lib/libiconv.2.dylib
0x00007fff69b71000 	/usr/lib/libcharset.1.dylib
0x00007fff6b165000 	/usr/lib/libnetwork.dylib
0x00007fff6b6cf000 	/usr/lib/libpcap.A.dylib
0x00007fff698c9000 	/usr/lib/libapple_nghttp2.dylib
0x00007fff34035000 	/System/Library/Frameworks/CoreServices.framework/Versions/A/Frameworks/FSEvents.framework/Versions/A/FSEvents
0x00007fff33d05000 	/System/Library/Frameworks/CoreServices.framework/Versions/A/Frameworks/CarbonCore.framework/Versions/A/CarbonCore
0x00007fff34279000 	/System/Library/Frameworks/CoreServices.framework/Versions/A/Frameworks/Metadata.framework/Versions/A/Metadata
0x00007fff34312000 	/System/Library/Frameworks/CoreServices.framework/Versions/A/Frameworks/OSServices.framework/Versions/A/OSServices
0x00007fff34340000 	/System/Library/Frameworks/CoreServices.framework/Versions/A/Frameworks/SearchKit.framework/Versions/A/SearchKit
0x00007fff33c7f000 	/System/Library/Frameworks/CoreServices.framework/Versions/A/Frameworks/AE.framework/Versions/A/AE
0x00007fff3403e000 	/System/Library/Frameworks/CoreServices.framework/Versions/A/Frameworks/LaunchServices.framework/Versions/A/LaunchServices
0x00007fff33fe7000 	/System/Library/Frameworks/CoreServices.framework/Versions/A/Frameworks/DictionaryServices.framework/Versions/A/DictionaryServices
0x00007fff343a8000 	/System/Library/Frameworks/CoreServices.framework/Versions/A/Frameworks/SharedFileList.framework/Versions/A/SharedFileList
0x00007fff39255000 	/System/Library/Frameworks/NetFS.framework/Versions/A/NetFS
0x00007fff59dae000 	/System/Library/PrivateFrameworks/NetAuth.framework/Versions/A/NetAuth
0x00007fff6675f000 	/System/Library/PrivateFrameworks/login.framework/Versions/A/Frameworks/loginsupport.framework/Versions/A/loginsupport
0x00007fff63046000 	/System/Library/PrivateFrameworks/TCC.framework/Versions/A/TCC
0x00007fff4acaa000 	/System/Library/PrivateFrameworks/CoreNLP.framework/Versions/A/CoreNLP
0x00007fff592ab000 	/System/Library/PrivateFrameworks/MetadataUtilities.framework/Versions/A/MetadataUtilities
0x00007fff6aa37000 	/usr/lib/libmecabra.dylib
0x00007fff6a98f000 	/usr/lib/libmecab.dylib
0x00007fff6a5eb000 	/usr/lib/libgermantok.dylib
0x00007fff698b0000 	/usr/lib/libThaiTokenizer.dylib
0x00007fff692b6000 	/usr/lib/libChineseTokenizer.dylib
0x00007fff2e535000 	/System/Library/Frameworks/Accelerate.framework/Versions/A/Frameworks/vImage.framework/Versions/A/vImage
0x00007fff2f99f000 	/System/Library/Frameworks/Accelerate.framework/Versions/A/Frameworks/vecLib.framework/Versions/A/vecLib
0x00007fff2f8dc000 	/System/Library/Frameworks/Accelerate.framework/Versions/A/Frameworks/vecLib.framework/Versions/A/libvMisc.dylib
0x00007fff2f704000 	/System/Library/Frameworks/Accelerate.framework/Versions/A/Frameworks/vecLib.framework/Versions/A/libvDSP.dylib
0x00007fff2eb8c000 	/System/Library/Frameworks/Accelerate.framework/Versions/A/Frameworks/vecLib.framework/Versions/A/libBLAS.dylib
0x00007fff2f2c8000 	/System/Library/Frameworks/Accelerate.framework/Versions/A/Frameworks/vecLib.framework/Versions/A/libLAPACK.dylib
0x00007fff2f664000 	/System/Library/Frameworks/Accelerate.framework/Versions/A/Frameworks/vecLib.framework/Versions/A/libLinearAlgebra.dylib
0x00007fff2f6f1000 	/System/Library/Frameworks/Accelerate.framework/Versions/A/Frameworks/vecLib.framework/Versions/A/libSparseBLAS.dylib
0x00007fff2f67a000 	/System/Library/Frameworks/Accelerate.framework/Versions/A/Frameworks/vecLib.framework/Versions/A/libQuadrature.dylib
0x00007fff2edf4000 	/System/Library/Frameworks/Accelerate.framework/Versions/A/Frameworks/vecLib.framework/Versions/A/libBNNS.dylib
0x00007fff2f680000 	/System/Library/Frameworks/Accelerate.framework/Versions/A/Frameworks/vecLib.framework/Versions/A/libSparse.dylib
0x00007fff57e1f000 	/System/Library/PrivateFrameworks/LanguageModeling.framework/Versions/A/LanguageModeling
0x00007fff4a659000 	/System/Library/PrivateFrameworks/CoreEmoji.framework/Versions/A/CoreEmoji
0x00007fff57f3d000 	/System/Library/PrivateFrameworks/LinguisticData.framework/Versions/A/LinguisticData
0x00007fff57eee000 	/System/Library/PrivateFrameworks/Lexicon.framework/Versions/A/Lexicon
0x00007fff69b72000 	/usr/lib/libcmph.dylib
0x00007fff3be44000 	/System/Library/Frameworks/OpenDirectory.framework/Versions/A/Frameworks/CFOpenDirectory.framework/Versions/A/CFOpenDirectory
0x00007fff3be61000 	/System/Library/Frameworks/OpenDirectory.framework/Versions/A/OpenDirectory
0x00007fff442a6000 	/System/Library/PrivateFrameworks/APFS.framework/Versions/A/APFS
0x00007fff3f555000 	/System/Library/Frameworks/SecurityFoundation.framework/Versions/A/SecurityFoundation
0x00007fff6bc38000 	/usr/lib/libutil.dylib
0x00007fff4bb8f000 	/System/Library/PrivateFrameworks/CoreServicesStore.framework/Versions/A/CoreServicesStore
0x00007fff3f60c000 	/System/Library/Frameworks/ServiceManagement.framework/Versions/A/ServiceManagement
0x00007fff47847000 	/System/Library/PrivateFrameworks/BackgroundTaskManagement.framework/Versions/A/BackgroundTaskManagement
0x00007fff6bd35000 	/usr/lib/libxslt.1.dylib
0x00007fff466e9000 	/System/Library/PrivateFrameworks/AppleSystemInfo.framework/Versions/A/AppleSystemInfo
0x00007fff359df000 	/System/Library/Frameworks/ImageIO.framework/Versions/A/Resources/libJPEG.dylib
0x00007fff35c9c000 	/System/Library/Frameworks/ImageIO.framework/Versions/A/Resources/libTIFF.dylib
0x00007fff35c7f000 	/System/Library/Frameworks/ImageIO.framework/Versions/A/Resources/libPng.dylib
0x00007fff35921000 	/System/Library/Frameworks/ImageIO.framework/Versions/A/Resources/libGIF.dylib
0x00007fff35925000 	/System/Library/Frameworks/ImageIO.framework/Versions/A/Resources/libJP2.dylib
0x00007fff35c9a000 	/System/Library/Frameworks/ImageIO.framework/Versions/A/Resources/libRadiance.dylib
0x00007fff6a5b4000 	/usr/lib/libexpat.1.dylib
0x00007fff461d1000 	/System/Library/PrivateFrameworks/AppleJPEG.framework/Versions/A/AppleJPEG
0x00007fff4ee8f000 	/System/Library/PrivateFrameworks/FontServices.framework/libFontParser.dylib
0x00007fff65761000 	/System/Library/PrivateFrameworks/WatchdogClient.framework/Versions/A/WatchdogClient
0x00007fff5747a000 	/System/Library/PrivateFrameworks/IOAccelerator.framework/Versions/A/IOAccelerator
0x00007fff381a9000 	/System/Library/Frameworks/MetalPerformanceShaders.framework/Versions/A/MetalPerformanceShaders
0x00007fff53c0a000 	/System/Library/PrivateFrameworks/GPUWrangler.framework/Versions/A/GPUWrangler
0x00007fff5748f000 	/System/Library/PrivateFrameworks/IOPresentment.framework/Versions/A/IOPresentment
0x00007fff4c70f000 	/System/Library/PrivateFrameworks/DSExternalDisplay.framework/Versions/A/DSExternalDisplay
0x00007fff3c7d5000 	/System/Library/Frameworks/OpenGL.framework/Versions/A/Libraries/libCoreFSCache.dylib
0x00007fff37ef5000 	/System/Library/Frameworks/MetalPerformanceShaders.framework/Frameworks/MPSCore.framework/Versions/A/MPSCore
0x00007fff37f33000 	/System/Library/Frameworks/MetalPerformanceShaders.framework/Frameworks/MPSImage.framework/Versions/A/MPSImage
0x00007fff37ffa000 	/System/Library/Frameworks/MetalPerformanceShaders.framework/Frameworks/MPSNeuralNetwork.framework/Versions/A/MPSNeuralNetwork
0x00007fff37fbe000 	/System/Library/Frameworks/MetalPerformanceShaders.framework/Frameworks/MPSMatrix.framework/Versions/A/MPSMatrix
0x00007fff38159000 	/System/Library/Frameworks/MetalPerformanceShaders.framework/Frameworks/MPSRayIntersector.framework/Versions/A/MPSRayIntersector
0x00007fff37fe4000 	/System/Library/Frameworks/MetalPerformanceShaders.framework/Frameworks/MPSNDArray.framework/Versions/A/MPSNDArray
0x00007fff592f8000 	/System/Library/PrivateFrameworks/MetalTools.framework/Versions/A/MetalTools
0x00007fff45480000 	/System/Library/PrivateFrameworks/AggregateDictionary.framework/Versions/A/AggregateDictionary
0x00007fff4a0a1000 	/System/Library/PrivateFrameworks/CoreAnalytics.framework/Versions/A/CoreAnalytics
0x00007fff46608000 	/System/Library/PrivateFrameworks/AppleSauce.framework/Versions/A/AppleSauce
0x00007fff69572000 	/usr/lib/libIOReport.dylib
0x00007fff348a9000 	/System/Library/Frameworks/CoreVideo.framework/Versions/A/CoreVideo
0x00007fff55083000 	/System/Library/PrivateFrameworks/GraphVisualizer.framework/Versions/A/GraphVisualizer
0x00007fff4e3d5000 	/System/Library/PrivateFrameworks/FaceCore.framework/Versions/A/FaceCore
0x00007fff3bdeb000 	/System/Library/Frameworks/OpenCL.framework/Versions/A/OpenCL
0x00007fff69394000 	/usr/lib/libFosl_dynamic.dylib
0x00007fff5a7cf000 	/System/Library/PrivateFrameworks/OTSVG.framework/Versions/A/OTSVG
0x00007fff30a5e000 	/System/Library/Frameworks/ApplicationServices.framework/Versions/A/Frameworks/ATS.framework/Versions/A/Resources/libFontRegistry.dylib
0x00007fff4f05e000 	/System/Library/PrivateFrameworks/FontServices.framework/libhvf.dylib
0x00007fff3c7e0000 	/System/Library/Frameworks/OpenGL.framework/Versions/A/Libraries/libGFXShared.dylib
0x00007fff3c9be000 	/System/Library/Frameworks/OpenGL.framework/Versions/A/Libraries/libGLU.dylib
0x00007fff3c7e9000 	/System/Library/Frameworks/OpenGL.framework/Versions/A/Libraries/libGL.dylib
0x00007fff3c7f4000 	/System/Library/Frameworks/OpenGL.framework/Versions/A/Libraries/libGLImage.dylib
0x00007fff3c7d2000 	/System/Library/Frameworks/OpenGL.framework/Versions/A/Libraries/libCVMSPluginSupport.dylib
0x00007fff3c7db000 	/System/Library/Frameworks/OpenGL.framework/Versions/A/Libraries/libCoreVMClient.dylib
0x00007fff6b006000 	/usr/lib/libncurses.5.4.dylib
0x00007fff3095a000 	/System/Library/Frameworks/ApplicationServices.framework/Versions/A/Frameworks/ATS.framework/Versions/A/ATS
0x00007fff30b27000 	/System/Library/Frameworks/ApplicationServices.framework/Versions/A/Frameworks/ColorSyncLegacy.framework/Versions/A/ColorSyncLegacy
0x00007fff30bc5000 	/System/Library/Frameworks/ApplicationServices.framework/Versions/A/Frameworks/HIServices.framework/Versions/A/HIServices
0x00007fff30c1d000 	/System/Library/Frameworks/ApplicationServices.framework/Versions/A/Frameworks/LangAnalysis.framework/Versions/A/LangAnalysis
0x00007fff30c2c000 	/System/Library/Frameworks/ApplicationServices.framework/Versions/A/Frameworks/PrintCore.framework/Versions/A/PrintCore
0x00007fff30c72000 	/System/Library/Frameworks/ApplicationServices.framework/Versions/A/Frameworks/QD.framework/Versions/A/QD
0x00007fff30c7d000 	/System/Library/Frameworks/ApplicationServices.framework/Versions/A/Frameworks/SpeechSynthesis.framework/Versions/A/SpeechSynthesis
0x00007fff30af7000 	/System/Library/Frameworks/ApplicationServices.framework/Versions/A/Frameworks/ATSUI.framework/Versions/A/ATSUI
0x00007fff6a44a000 	/usr/lib/libcups.2.dylib
0x00007fff37244000 	/System/Library/Frameworks/Kerberos.framework/Versions/A/Kerberos
0x00007fff35385000 	/System/Library/Frameworks/GSS.framework/Versions/A/GSS
0x00007fff6b789000 	/usr/lib/libresolv.9.dylib
0x00007fff55230000 	/System/Library/PrivateFrameworks/Heimdal.framework/Versions/A/Heimdal
0x00007fff37257000 	/System/Library/Frameworks/Kerberos.framework/Versions/A/Libraries/libHeimdalProxy.dylib
0x00007fff6a5f1000 	/usr/lib/libheimdal-asn1.dylib
0x00007fff49539000 	/System/Library/PrivateFrameworks/CommonAuth.framework/Versions/A/CommonAuth
0x00007fff46786000 	/System/Library/PrivateFrameworks/AssertionServices.framework/Versions/A/AssertionServices
0x00007fff47329000 	/System/Library/PrivateFrameworks/AudioToolboxCore.framework/Versions/A/AudioToolboxCore
0x00007fff6640f000 	/System/Library/PrivateFrameworks/caulk.framework/Versions/A/caulk
0x00007fff478f3000 	/System/Library/PrivateFrameworks/BaseBoard.framework/Versions/A/BaseBoard
0x00007fff5ea33000 	/System/Library/PrivateFrameworks/RunningBoardServices.framework/Versions/A/RunningBoardServices
0x00007fff5ba44000 	/System/Library/PrivateFrameworks/PersistentConnection.framework/Versions/A/PersistentConnection
0x00007fff5e42c000 	/System/Library/PrivateFrameworks/ProtocolBuffer.framework/Versions/A/ProtocolBuffer
0x00007fff4955d000 	/System/Library/PrivateFrameworks/CommonUtilities.framework/Versions/A/CommonUtilities
0x00007fff47a81000 	/System/Library/PrivateFrameworks/Bom.framework/Versions/A/Bom
0x00007fff69245000 	/usr/lib/libAudioToolboxUtility.dylib
0x00007fff47851000 	/System/Library/PrivateFrameworks/Backup.framework/Versions/A/Backup
0x00007fff4c630000 	/System/Library/PrivateFrameworks/CrashReporterSupport.framework/Versions/A/CrashReporterSupport
0x00007fff604c5000 	/System/Library/PrivateFrameworks/Sharing.framework/Versions/A/Sharing
0x00007fff45d94000 	/System/Library/PrivateFrameworks/Apple80211.framework/Versions/A/Apple80211
0x00007fff4756e000 	/System/Library/PrivateFrameworks/AuthKit.framework/Versions/A/AuthKit
0x00007fff4c33d000 	/System/Library/PrivateFrameworks/CoreUtils.framework/Versions/A/CoreUtils
0x00007fff348ee000 	/System/Library/Frameworks/CoreWLAN.framework/Versions/A/CoreWLAN
0x00007fff35512000 	/System/Library/Frameworks/IOBluetooth.framework/Versions/A/IOBluetooth
0x00007fff595fd000 	/System/Library/PrivateFrameworks/MobileKeyBag.framework/Versions/A/MobileKeyBag
0x00007fff4b142000 	/System/Library/PrivateFrameworks/CorePhoneNumbers.framework/Versions/A/CorePhoneNumbers
0x00007fff46184000 	/System/Library/PrivateFrameworks/AppleIDAuthSupport.framework/Versions/A/AppleIDAuthSupport
0x00007fff39262000 	/System/Library/Frameworks/Network.framework/Versions/A/Network
0x00007fff57ccb000 	/System/Library/PrivateFrameworks/KeychainCircle.framework/Versions/A/KeychainCircle
0x00007fff3233e000 	/System/Library/Frameworks/CoreBluetooth.framework/Versions/A/CoreBluetooth
0x00007fff62544000 	/System/Library/PrivateFrameworks/SpeechRecognitionCore.framework/Versions/A/SpeechRecognitionCore
0x0000000106200000 	/Users/iachaudray/Library/Java/JavaVirtualMachines/openjdk-17/Contents/Home/lib/server/libjvm.dylib
0x00000001058a2000 	/Users/iachaudray/Library/Java/JavaVirtualMachines/openjdk-17/Contents/Home/lib/libjimage.dylib
0x00000001058fc000 	/Users/iachaudray/Library/Java/JavaVirtualMachines/openjdk-17/Contents/Home/lib/libjava.dylib
0x000000010598c000 	/Users/iachaudray/Library/Java/JavaVirtualMachines/openjdk-17/Contents/Home/lib/libnio.dylib
0x00000001059a8000 	/Users/iachaudray/Library/Java/JavaVirtualMachines/openjdk-17/Contents/Home/lib/libnet.dylib
0x00000001059c8000 	/Users/iachaudray/Library/Java/JavaVirtualMachines/openjdk-17/Contents/Home/lib/libzip.dylib
0x0000000108046000 	/private/var/folders/tf/zmygh2717sg2jp018rf9yzp59vylsy/T/lwjgliachaudray/3.3.0-build-21/liblwjgl.dylib
0x000000010807b000 	/private/var/folders/tf/zmygh2717sg2jp018rf9yzp59vylsy/T/lwjgliachaudray/3.3.0-build-21/libglfw.dylib
0x00007fff4bb5b000 	/System/Library/PrivateFrameworks/CoreServicesInternal.framework/Versions/A/CoreServicesInternal
0x00007fff34e0d000 	/System/Library/Frameworks/FileProvider.framework/Versions/A/FileProvider
0x00007fff2f9a0000 	/System/Library/Frameworks/Accounts.framework/Versions/A/Accounts
0x00007fff53f2f000 	/System/Library/PrivateFrameworks/GenerationalStorage.framework/Versions/A/GenerationalStorage
0x00007fff4c0e2000 	/System/Library/PrivateFrameworks/CoreSymbolication.framework/Versions/A/CoreSymbolication
0x00007fff62d86000 	/System/Library/PrivateFrameworks/SymptomDiagnosticReporter.framework/Versions/A/SymptomDiagnosticReporter
0x00007fff45898000 	/System/Library/PrivateFrameworks/AppContainer.framework/Versions/A/AppContainer
0x00007fff6b7a3000 	/usr/lib/libsandbox.1.dylib
0x00007fff64704000 	/System/Library/PrivateFrameworks/UserManagement.framework/Versions/A/UserManagement
0x00007fff4863d000 	/System/Library/PrivateFrameworks/ChunkingLibrary.framework/Versions/A/ChunkingLibrary
0x00007fff4c864000 	/System/Library/PrivateFrameworks/DebugSymbols.framework/Versions/A/DebugSymbols
0x00007fff4590a000 	/System/Library/PrivateFrameworks/AppSandbox.framework/Versions/A/AppSandbox
0x00007fff6034f000 	/System/Library/PrivateFrameworks/SecCodeWrapper.framework/Versions/A/SecCodeWrapper
0x00007fff6965a000 	/usr/lib/libMatch.1.dylib
0x00007fff654d0000 	/System/Library/PrivateFrameworks/ViewBridge.framework/Versions/A/ViewBridge
0x0000000108ac9000 	/usr/lib/libobjc-trampolines.dylib
0x00007fff2e51e000 	/System/Library/Frameworks/Accelerate.framework/Versions/A/Frameworks/vImage.framework/Versions/A/Libraries/libCGInterfaces.dylib
0x00007fff4efc6000 	/System/Library/PrivateFrameworks/FontServices.framework/libTrueTypeScaler.dylib
0x00007fff66762000 	/System/Library/PrivateFrameworks/login.framework/Versions/A/login
0x00007fff3d446000 	/System/Library/Frameworks/OpenGL.framework/Versions/A/Resources/GLEngine.bundle/GLEngine
0x00007fff3c829000 	/System/Library/Frameworks/OpenGL.framework/Versions/A/Libraries/libGLProgrammability.dylib
0x00007fff27b95000 	/System/Library/Extensions/AppleIntelBDWGraphicsGLDriver.bundle/Contents/MacOS/AppleIntelBDWGraphicsGLDriver
0x00007fff53bfe000 	/System/Library/PrivateFrameworks/GPUSupport.framework/Versions/A/Libraries/libGPUSupportMercury.dylib
0x00007fff3d5c0000 	/System/Library/Frameworks/OpenGL.framework/Versions/A/Resources/GLRendererFloat.bundle/GLRendererFloat
0x00007fff3bde2000 	/System/Library/Frameworks/OpenCL.framework/Versions/A/Libraries/libcldcpuengine.dylib
0x0000000128906000 	/private/var/folders/tf/zmygh2717sg2jp018rf9yzp59vylsy/T/lwjgliachaudray/3.3.0-build-21/liblwjgl_opengl.dylib
0x0000000128932000 	/Users/iachaudray/Library/Java/JavaVirtualMachines/openjdk-17/Contents/Home/lib/libverify.dylib


VM Arguments:
jvm_args: -Dfile.encoding=UTF-8 -Duser.country=US -Duser.language=en -Duser.variant -ea 
java_command: Main
java_class_path (initial): /Users/iachaudray/IdeaProjects/lwjglBYMYSELF/build/classes/java/main:/Users/iachaudray/IdeaProjects/lwjglBYMYSELF/build/resources/main:/Users/iachaudray/.gradle/caches/modules-2/files-2.1/org.lwjgl/lwjgl-assimp/3.3.0/82135e856184e76d38a97f729141298d3edcf0e4/lwjgl-assimp-3.3.0.jar:/Users/iachaudray/.gradle/caches/modules-2/files-2.1/org.lwjgl/lwjgl-assimp/3.3.0/43be922dc6262e3c623abfadb89fd434af6dac69/lwjgl-assimp-3.3.0-natives-macos.jar:/Users/iachaudray/.gradle/caches/modules-2/files-2.1/org.lwjgl/lwjgl-bgfx/3.3.0/b9e9a62b741bdc60f9207a4d4de6e61a2b7de6af/lwjgl-bgfx-3.3.0.jar:/Users/iachaudray/.gradle/caches/modules-2/files-2.1/org.lwjgl/lwjgl-bgfx/3.3.0/f98a9acc489491e920c46dda21d67e5590f8b531/lwjgl-bgfx-3.3.0-natives-macos.jar:/Users/iachaudray/.gradle/caches/modules-2/files-2.1/org.lwjgl/lwjgl-cuda/3.3.0/9dee4053dcf7cb384f278ff322bf074697a70a29/lwjgl-cuda-3.3.0.jar:/Users/iachaudray/.gradle/caches/modules-2/files-2.1/org.lwjgl/lwjgl-glfw/3.3.0/899e34f314525596f8fdb6476d3e56104da4601d/lwjgl-glfw-3.3.0.jar:/Users/iachaudray/.gradle/caches/modules-2/files-2.1/org.lwjgl/lwjgl-glfw/3.3.0/98de70314a31417494c2308587193e371c844a8b/lwjgl-glfw-3.3.0-natives-macos.jar:/Users/iachaudray/.gradle/caches/modules-2/files-2.1/org.lwjgl/lwjgl-meshoptimizer/3.3.0/102c9bbadfb06ea89be18b205213722f36a873fc/lwjgl-meshoptimizer-3.3.0.jar:/Users/iachaudray/.gradle/caches/modules-2/files-2.1/org.lwjgl/lwjgl-meshoptimizer/3.3.0/bbb6d34a8e4275a20221c15089b4814ab945f6c6/lwjgl-meshoptimizer-3.3.0-natives-macos.jar:/Users/iachaudray/.gradle/caches/modules-2/files-2.1/org.lwjgl/lwjgl-openal/3.3.0/902dd57b5a46e8a75ee843c2db61f80b4d130d48/lwjgl-openal-3.3.0.jar:/Users/iachaudray/.gradle/caches/modules-2/files-2.1/org.lwjgl/lwjgl-openal/3.3.0/aef03dcc854e22d6a7c5ea4fc886c9aaec9868f3/lwjgl-openal-3.3.0-natives-macos.jar:/Users/iachaudray/.gradle/caches/modules-2/files-2.1/org.lwjgl/lwjgl-opencl/3.3.0/90b4e8b038303b0f943e4a6d2a0f5b56c62eb353/lwjgl-opencl-3.3.0.jar:/Users
Launcher Type: SUN_STANDARD

[Global flags]
     intx CICompilerCount                          = 3                                         {product} {ergonomic}
     uint ConcGCThreads                            = 1                                         {product} {ergonomic}
     uint G1ConcRefinementThreads                  = 4                                         {product} {ergonomic}
   size_t G1HeapRegionSize                         = 1048576                                   {product} {ergonomic}
    uintx GCDrainStackTargetSize                   = 64                                        {product} {ergonomic}
   size_t InitialHeapSize                          = 134217728                                 {product} {ergonomic}
   size_t MarkStackSize                            = 4194304                                   {product} {ergonomic}
   size_t MaxHeapSize                              = 2147483648                                {product} {ergonomic}
   size_t MaxNewSize                               = 1287651328                                {product} {ergonomic}
   size_t MinHeapDeltaBytes                        = 1048576                                   {product} {ergonomic}
   size_t MinHeapSize                              = 8388608                                   {product} {ergonomic}
    uintx NonNMethodCodeHeapSize                   = 5832780                                {pd product} {ergonomic}
    uintx NonProfiledCodeHeapSize                  = 122912730                              {pd product} {ergonomic}
    uintx ProfiledCodeHeapSize                     = 122912730                              {pd product} {ergonomic}
    uintx ReservedCodeCacheSize                    = 251658240                              {pd product} {ergonomic}
     bool SegmentedCodeCache                       = true                                      {product} {ergonomic}
   size_t SoftMaxHeapSize                          = 2147483648                             {manageable} {ergonomic}
     bool UseCompressedClassPointers               = true                           {product lp64_product} {ergonomic}
     bool UseCompressedOops                        = true                           {product lp64_product} {ergonomic}
     bool UseG1GC                                  = true                                      {product} {ergonomic}
     bool UseNUMA                                  = false                                     {product} {ergonomic}
     bool UseNUMAInterleaving                      = false                                     {product} {ergonomic}

Logging:
Log output configuration:
 #0: stdout all=warning uptime,level,tags
 #1: stderr all=off uptime,level,tags

Environment Variables:
PATH=/usr/local/bin:/usr/bin:/bin:/usr/sbin:/sbin:/usr/local/share/dotnet:~/.dotnet/tools
SHELL=/bin/bash
LC_CTYPE=en_US.UTF-8

Signal Handlers:
   SIGSEGV: _ZL13crash_handleriP9__siginfoPv in libjvm.dylib, mask=11100110000111110111111111111111, flags=SA_RESTART|SA_SIGINFO
    SIGBUS: _ZL13crash_handleriP9__siginfoPv in libjvm.dylib, mask=11100110000111110111111111111111, flags=SA_RESTART|SA_SIGINFO
    SIGFPE: _ZL13crash_handleriP9__siginfoPv in libjvm.dylib, mask=11100110000111110111111111111111, flags=SA_RESTART|SA_SIGINFO
   SIGPIPE: _ZL17javaSignalHandleriP9__siginfoPv in libjvm.dylib, mask=11100110000111110111111111111111, flags=SA_RESTART|SA_SIGINFO
   SIGXFSZ: _ZL17javaSignalHandleriP9__siginfoPv in libjvm.dylib, mask=11100110000111110111111111111111, flags=SA_RESTART|SA_SIGINFO
    SIGILL: _ZL13crash_handleriP9__siginfoPv in libjvm.dylib, mask=11100110000111110111111111111111, flags=SA_RESTART|SA_SIGINFO
   SIGUSR2: _ZL10SR_handleriP9__siginfoP17__darwin_ucontext in libjvm.dylib, mask=00100000000000000000000000000000, flags=SA_RESTART|SA_SIGINFO
    SIGHUP: _ZL11UserHandleriPvS_ in libjvm.dylib, mask=11100110000111110111111111111111, flags=SA_RESTART|SA_SIGINFO
    SIGINT: _ZL11UserHandleriPvS_ in libjvm.dylib, mask=11100110000111110111111111111111, flags=SA_RESTART|SA_SIGINFO
   SIGTERM: _ZL11UserHandleriPvS_ in libjvm.dylib, mask=11100110000111110111111111111111, flags=SA_RESTART|SA_SIGINFO
   SIGQUIT: _ZL11UserHandleriPvS_ in libjvm.dylib, mask=11100110000111110111111111111111, flags=SA_RESTART|SA_SIGINFO
   SIGTRAP: _ZL13crash_handleriP9__siginfoPv in libjvm.dylib, mask=11100110000111110111111111111111, flags=SA_RESTART|SA_SIGINFO


---------------  S Y S T E M  ---------------

OS:
uname: Darwin 19.6.0 Darwin Kernel Version 19.6.0: Thu May  6 00:48:39 PDT 2021; root:xnu-6153.141.33~1/RELEASE_X86_64 x86_64
OS uptime: 9 days 16:14 hours
rlimit (soft/hard): STACK 8192k/65532k , CORE 0k/infinity , NPROC 1392/2088 , NOFILE 10240/infinity , AS infinity/infinity , CPU infinity/infinity , DATA infinity/infinity , FSIZE infinity/infinity , MEMLOCK infinity/infinity , RSS infinity/infinity
load average: 2.00 2.37 4.64

CPU: total 4 (initial active 4) (2 cores per cpu, 2 threads per core) family 6 model 61 stepping 4 microcode 0x2f, cx8, cmov, fxsr, ht, mmx, 3dnowpref, sse, sse2, sse3, ssse3, sse4.1, sse4.2, popcnt, lzcnt, tsc, tscinvbit, avx, avx2, aes, erms, clmul, bmi1, bmi2, rtm, adx, fma, vzeroupper, clflush

Memory: 4k page, physical 8388608k(56952k free), swap 3145728k(1380096k free)

vm_info: OpenJDK 64-Bit Server VM (17+35-2724) for bsd-amd64 JRE (17+35-2724), built on Aug  5 2021 22:31:25 by "mach5one" with clang Apple LLVM 12.0.0 (clang-1200.0.32.29)

END.
